2025-10-19 13:07:43,131 - INFO - 浏览器初始化完成
2025-10-19 13:08:20,815 - ERROR - 导航到抖音失败: Timeout 30000ms exceeded.
2025-10-19 13:08:21,543 - INFO - 浏览器关闭完成
2025-10-19 13:08:31,094 - INFO - 浏览器初始化完成
2025-10-19 13:09:07,327 - ERROR - 导航到抖音失败: Timeout 30000ms exceeded.
2025-10-19 13:09:07,422 - INFO - 浏览器关闭完成
2025-10-19 13:31:40,138 - INFO - 浏览器初始化完成
2025-10-19 13:32:15,615 - ERROR - 导航到抖音失败: Timeout 30000ms exceeded.
2025-10-19 13:32:16,331 - INFO - 浏览器关闭完成
2025-10-19 13:32:56,814 - INFO - 浏览器初始化完成
2025-10-19 13:33:30,668 - ERROR - 导航到抖音失败: Timeout 30000ms exceeded.
2025-10-19 13:33:31,095 - INFO - 浏览器关闭完成
2025-10-19 13:34:11,981 - INFO - 浏览器初始化完成
2025-10-19 13:36:14,941 - ERROR - 导航到抖音失败: Timeout 120000ms exceeded.
=========================== logs ===========================
"commit" event fired
"domcontentloaded" event fired
"load" event fired
============================================================
2025-10-19 13:36:15,208 - INFO - 浏览器关闭完成
2025-10-19 13:41:19,072 - INFO - 浏览器初始化完成
2025-10-19 13:43:23,095 - ERROR - 导航到抖音失败: Timeout 120000ms exceeded.
2025-10-19 13:43:23,699 - INFO - 浏览器关闭完成
2025-10-19 13:45:00,429 - INFO - 浏览器初始化完成
2025-10-19 14:10:34,080 - INFO - 浏览器关闭完成
2025-10-19 20:15:52,432 - INFO - 成功连接到Chrome浏览器 (端口: 9222)
2025-10-19 20:15:52,432 - INFO - 使用现有页面
2025-10-19 20:15:52,432 - INFO - 当前页面URL: chrome://intro/
2025-10-19 20:15:52,432 - INFO - 导航到抖音: https://www.douyin.com/
2025-10-19 20:15:52,432 - ERROR - 导航到抖音失败: 'timeout'
2025-10-19 20:15:52,433 - ERROR - 导航到抖音失败
2025-10-19 20:15:52,433 - INFO - 断开浏览器连接
2025-10-19 20:16:31,812 - INFO - 成功连接到Chrome浏览器 (端口: 9222)
2025-10-19 20:16:31,813 - INFO - 使用现有页面
2025-10-19 20:16:31,813 - INFO - 当前页面URL: https://www.douyin.com/?recommend=1
2025-10-19 20:16:31,813 - INFO - 已在抖音网站，无需导航
2025-10-19 20:16:31,961 - INFO - 用户确认页面准备就绪，开始抓取
2025-10-19 20:16:31,962 - INFO - 从 data/input/keywords.csv 加载了 20 个关键词
2025-10-19 20:16:31,962 - INFO - 开始处理关键词...
2025-10-19 20:16:31,962 - INFO - 开始处理客户: 思迈特 (10 个关键词)
2025-10-19 20:16:31,962 - INFO - 开始处理关键词: 体检套餐 (客户: 思迈特)
2025-10-19 20:16:32,718 - INFO - 找到搜索框: input[data-e2e="searchbar-input"]
2025-10-19 20:17:02,745 - ERROR - 处理关键词 体检套餐 时出错: ElementHandle.click: Timeout 30000ms exceeded.
Call log:
  - attempting click action
    2 × waiting for element to be visible, enabled and stable
      - element is visible, enabled and stable
      - scrolling into view if needed
      - done scrolling
      - <div class="oMpq4HiN GzPW6isY">…</div> from <div id="login-full-panel-nzyq85vraow0">…</div> subtree intercepts pointer events
    - retrying click action
    - waiting 20ms
    2 × waiting for element to be visible, enabled and stable
      - element is visible, enabled and stable
      - scrolling into view if needed
      - done scrolling
      - <div class="oMpq4HiN GzPW6isY">…</div> from <div id="login-full-panel-nzyq85vraow0">…</div> subtree intercepts pointer events
    - retrying click action
      - waiting 100ms
    49 × waiting for element to be visible, enabled and stable
       - element is visible, enabled and stable
       - scrolling into view if needed
       - done scrolling
       - <div class="oMpq4HiN GzPW6isY">…</div> from <div id="login-full-panel-nzyq85vraow0">…</div> subtree intercepts pointer events
     - retrying click action
       - waiting 500ms

2025-10-19 20:17:02,747 - INFO - 为关键词 体检套餐 生成备用数据
2025-10-19 20:17:03,748 - INFO - 开始处理关键词: 糖尿病饮食 (客户: 思迈特)
2025-10-19 20:17:03,759 - INFO - 找到搜索框: input[data-e2e="searchbar-input"]
2025-10-19 20:17:33,767 - ERROR - 处理关键词 糖尿病饮食 时出错: ElementHandle.click: Timeout 30000ms exceeded.
Call log:
  - attempting click action
    2 × waiting for element to be visible, enabled and stable
      - element is visible, enabled and stable
      - scrolling into view if needed
      - done scrolling
      - <div class="oMpq4HiN GzPW6isY">…</div> from <div id="login-full-panel-nzyq85vraow0">…</div> subtree intercepts pointer events
    - retrying click action
    - waiting 20ms
    2 × waiting for element to be visible, enabled and stable
      - element is visible, enabled and stable
      - scrolling into view if needed
      - done scrolling
      - <div class="oMpq4HiN GzPW6isY">…</div> from <div id="login-full-panel-nzyq85vraow0">…</div> subtree intercepts pointer events
    - retrying click action
      - waiting 100ms
    15 × waiting for element to be visible, enabled and stable
       - element is visible, enabled and stable
       - scrolling into view if needed
       - done scrolling
       - <div class="oMpq4HiN GzPW6isY">…</div> from <div id="login-full-panel-nzyq85vraow0">…</div> subtree intercepts pointer events
     - retrying click action
       - waiting 500ms
    40 × waiting for element to be visible, enabled and stable
       - element is visible, enabled and stable
       - scrolling into view if needed
       - done scrolling
       - <div class="VNTgakC3wGL3qKLhN6Tj">…</div> from <div id="uc-second-verify">…</div> subtree intercepts pointer events
     - retrying click action
       - waiting 500ms
    - waiting for element to be visible, enabled and stable
    - element is visible, enabled and stable
    - scrolling into view if needed
    - done scrolling

2025-10-19 20:17:33,769 - INFO - 为关键词 糖尿病饮食 生成备用数据
2025-10-19 20:17:34,771 - INFO - 开始处理关键词: 健康管理 (客户: 思迈特)
2025-10-19 20:17:34,801 - INFO - 找到搜索框: input[data-e2e="searchbar-input"]
2025-10-19 20:17:38,092 - ERROR - 处理关键词 健康管理 时出错: ElementHandle.click: Element is not attached to the DOM
Call log:
  - attempting click action
    2 × waiting for element to be visible, enabled and stable
      - element is visible, enabled and stable
      - scrolling into view if needed
      - done scrolling
      - <div class="VNTgakC3wGL3qKLhN6Tj">…</div> from <div id="uc-second-verify">…</div> subtree intercepts pointer events
    - retrying click action
    - waiting 20ms
    2 × waiting for element to be visible, enabled and stable
      - element is visible, enabled and stable
      - scrolling into view if needed
      - done scrolling
      - <div class="VNTgakC3wGL3qKLhN6Tj">…</div> from <div id="uc-second-verify">…</div> subtree intercepts pointer events
    - retrying click action
      - waiting 100ms
    2 × waiting for element to be visible, enabled and stable
      - element is visible, enabled and stable
      - scrolling into view if needed
      - done scrolling
      - <div class="VNTgakC3wGL3qKLhN6Tj">…</div> from <div id="uc-second-verify">…</div> subtree intercepts pointer events
    - retrying click action
      - waiting 500ms
    2 × waiting for element to be visible, enabled and stable
      - element is visible, enabled and stable
      - scrolling into view if needed
      - done scrolling
      - <div class="oMpq4HiN GzPW6isY">…</div> from <div id="login-full-panel-nzyq85vraow0">…</div> subtree intercepts pointer events
    - retrying click action
      - waiting 500ms
    - waiting for" https://www.douyin.com/?recommend=1" navigation to finish...
    - navigated to "https://www.douyin.com/?recommend=1"
    - waiting for element to be visible, enabled and stable

2025-10-19 20:17:38,092 - INFO - 为关键词 健康管理 生成备用数据
2025-10-19 20:17:39,093 - INFO - 开始处理关键词: 血压监测 (客户: 思迈特)
2025-10-19 20:17:39,102 - INFO - 找到搜索框: input[data-e2e="searchbar-input"]
2025-10-19 20:17:45,216 - INFO - 输入关键词: 血压监测
2025-10-19 20:17:48,304 - INFO - 截图成功: screenshots/2025-10-19/思迈特/douyin/血压监测_20251019_201747.png (1758333 bytes)
2025-10-19 20:17:48,319 - WARNING - 未找到联想词元素
2025-10-19 20:17:48,319 - WARNING - 未找到联想词，使用备用数据
2025-10-19 20:17:48,319 - INFO - 为关键词 血压监测 生成备用数据
2025-10-19 20:17:49,320 - INFO - 开始处理关键词: 心率检测 (客户: 思迈特)
2025-10-19 20:17:49,337 - INFO - 找到搜索框: input[data-e2e="searchbar-input"]
2025-10-19 20:17:49,904 - INFO - 输入关键词: 心率检测
2025-10-19 20:17:52,914 - INFO - 截图成功: screenshots/2025-10-19/思迈特/douyin/心率检测_20251019_201752.png (1651706 bytes)
2025-10-19 20:17:52,928 - WARNING - 未找到联想词元素
2025-10-19 20:17:52,928 - WARNING - 未找到联想词，使用备用数据
2025-10-19 20:17:52,928 - INFO - 为关键词 心率检测 生成备用数据
2025-10-19 20:17:53,930 - INFO - 开始处理关键词: 运动健康 (客户: 思迈特)
2025-10-19 20:17:53,939 - INFO - 找到搜索框: input[data-e2e="searchbar-input"]
2025-10-19 20:17:54,513 - INFO - 输入关键词: 运动健康
2025-10-19 20:17:57,515 - INFO - 截图成功: screenshots/2025-10-19/思迈特/douyin/运动健康_20251019_201756.png (1626074 bytes)
2025-10-19 20:17:57,527 - WARNING - 未找到联想词元素
2025-10-19 20:17:57,527 - WARNING - 未找到联想词，使用备用数据
2025-10-19 20:17:57,527 - INFO - 为关键词 运动健康 生成备用数据
2025-10-19 20:17:58,529 - INFO - 开始处理关键词: 营养搭配 (客户: 思迈特)
2025-10-19 20:17:58,552 - INFO - 找到搜索框: input[data-e2e="searchbar-input"]
2025-10-19 20:17:59,119 - INFO - 输入关键词: 营养搭配
2025-10-19 20:18:02,134 - INFO - 截图成功: screenshots/2025-10-19/思迈特/douyin/营养搭配_20251019_201801.png (1586548 bytes)
2025-10-19 20:18:02,147 - WARNING - 未找到联想词元素
2025-10-19 20:18:02,147 - WARNING - 未找到联想词，使用备用数据
2025-10-19 20:18:02,147 - INFO - 为关键词 营养搭配 生成备用数据
2025-10-19 20:18:03,151 - INFO - 开始处理关键词: 睡眠质量 (客户: 思迈特)
2025-10-19 20:18:03,166 - INFO - 找到搜索框: input[data-e2e="searchbar-input"]
2025-10-19 20:18:03,710 - INFO - 输入关键词: 睡眠质量
2025-10-19 20:18:06,820 - INFO - 截图成功: screenshots/2025-10-19/思迈特/douyin/睡眠质量_20251019_201806.png (1984495 bytes)
2025-10-19 20:18:06,832 - WARNING - 未找到联想词元素
2025-10-19 20:18:06,833 - WARNING - 未找到联想词，使用备用数据
2025-10-19 20:18:06,833 - INFO - 为关键词 睡眠质量 生成备用数据
2025-10-19 20:18:07,834 - INFO - 开始处理关键词: 减肥方法 (客户: 思迈特)
2025-10-19 20:18:07,842 - INFO - 找到搜索框: input[data-e2e="searchbar-input"]
2025-10-19 20:18:08,400 - INFO - 输入关键词: 减肥方法
2025-10-19 20:18:11,524 - INFO - 截图成功: screenshots/2025-10-19/思迈特/douyin/减肥方法_20251019_201810.png (1994269 bytes)
2025-10-19 20:18:11,551 - WARNING - 未找到联想词元素
2025-10-19 20:18:11,551 - WARNING - 未找到联想词，使用备用数据
2025-10-19 20:18:11,551 - INFO - 为关键词 减肥方法 生成备用数据
2025-10-19 20:18:12,552 - INFO - 开始处理关键词: 养生保健 (客户: 思迈特)
2025-10-19 20:18:12,558 - INFO - 找到搜索框: input[data-e2e="searchbar-input"]
2025-10-19 20:18:13,112 - INFO - 输入关键词: 养生保健
2025-10-19 20:18:16,230 - INFO - 截图成功: screenshots/2025-10-19/思迈特/douyin/养生保健_20251019_201815.png (1911919 bytes)
2025-10-19 20:18:16,245 - WARNING - 未找到联想词元素
2025-10-19 20:18:16,245 - WARNING - 未找到联想词，使用备用数据
2025-10-19 20:18:16,246 - INFO - 为关键词 养生保健 生成备用数据
2025-10-19 20:18:17,257 - INFO - 结果已保存: data/output/2025-10-19/思迈特_douyin.csv (30 条)
2025-10-19 20:18:17,257 - INFO - 客户 思迈特 处理完成，保存到: data/output/2025-10-19/思迈特_douyin.csv
2025-10-19 20:18:17,257 - INFO - 开始处理客户: 永洪 (10 个关键词)
2025-10-19 20:18:17,258 - INFO - 开始处理关键词: 老人肺部护理 (客户: 永洪)
2025-10-19 20:18:17,262 - INFO - 找到搜索框: input[data-e2e="searchbar-input"]
2025-10-19 20:18:17,854 - INFO - 输入关键词: 老人肺部护理
2025-10-19 20:18:21,164 - INFO - 截图成功: screenshots/2025-10-19/永洪/douyin/老人肺部护理_20251019_201820.png (1876308 bytes)
2025-10-19 20:18:21,183 - WARNING - 未找到联想词元素
2025-10-19 20:18:21,183 - WARNING - 未找到联想词，使用备用数据
2025-10-19 20:18:21,183 - INFO - 为关键词 老人肺部护理 生成备用数据
2025-10-19 20:18:22,185 - INFO - 开始处理关键词: 数据分析 (客户: 永洪)
2025-10-19 20:18:22,212 - INFO - 找到搜索框: input[data-e2e="searchbar-input"]
2025-10-19 20:18:22,777 - INFO - 输入关键词: 数据分析
2025-10-19 20:18:26,036 - INFO - 截图成功: screenshots/2025-10-19/永洪/douyin/数据分析_20251019_201825.png (2518822 bytes)
2025-10-19 20:18:26,048 - WARNING - 未找到联想词元素
2025-10-19 20:18:26,048 - WARNING - 未找到联想词，使用备用数据
2025-10-19 20:18:26,048 - INFO - 为关键词 数据分析 生成备用数据
2025-10-19 20:18:27,050 - INFO - 开始处理关键词: 商业智能 (客户: 永洪)
2025-10-19 20:18:27,056 - INFO - 找到搜索框: input[data-e2e="searchbar-input"]
2025-10-19 20:18:27,619 - INFO - 输入关键词: 商业智能
2025-10-19 20:18:31,030 - INFO - 截图成功: screenshots/2025-10-19/永洪/douyin/商业智能_20251019_201830.png (2590009 bytes)
2025-10-19 20:18:31,052 - WARNING - 未找到联想词元素
2025-10-19 20:18:31,052 - WARNING - 未找到联想词，使用备用数据
2025-10-19 20:18:31,052 - INFO - 为关键词 商业智能 生成备用数据
2025-10-19 20:18:32,054 - INFO - 开始处理关键词: 报表制作 (客户: 永洪)
2025-10-19 20:18:32,093 - INFO - 找到搜索框: input[data-e2e="searchbar-input"]
2025-10-19 20:18:32,687 - INFO - 输入关键词: 报表制作
2025-10-19 20:18:35,937 - INFO - 截图成功: screenshots/2025-10-19/永洪/douyin/报表制作_20251019_201835.png (2296118 bytes)
2025-10-19 20:18:35,954 - WARNING - 未找到联想词元素
2025-10-19 20:18:35,954 - WARNING - 未找到联想词，使用备用数据
2025-10-19 20:18:35,954 - INFO - 为关键词 报表制作 生成备用数据
2025-10-19 20:18:36,955 - INFO - 开始处理关键词: 数据可视化 (客户: 永洪)
2025-10-19 20:18:36,969 - INFO - 找到搜索框: input[data-e2e="searchbar-input"]
2025-10-19 20:18:37,527 - INFO - 输入关键词: 数据可视化
2025-10-19 20:18:40,707 - INFO - 截图成功: screenshots/2025-10-19/永洪/douyin/数据可视化_20251019_201840.png (1910493 bytes)
2025-10-19 20:18:40,717 - WARNING - 未找到联想词元素
2025-10-19 20:18:40,717 - WARNING - 未找到联想词，使用备用数据
2025-10-19 20:18:40,717 - INFO - 为关键词 数据可视化 生成备用数据
2025-10-19 20:18:41,718 - INFO - 开始处理关键词: 企业管理 (客户: 永洪)
2025-10-19 20:18:41,726 - INFO - 找到搜索框: input[data-e2e="searchbar-input"]
2025-10-19 20:18:42,276 - INFO - 输入关键词: 企业管理
2025-10-19 20:18:45,325 - INFO - 截图成功: screenshots/2025-10-19/永洪/douyin/企业管理_20251019_201844.png (1780328 bytes)
2025-10-19 20:18:45,350 - WARNING - 未找到联想词元素
2025-10-19 20:18:45,350 - WARNING - 未找到联想词，使用备用数据
2025-10-19 20:18:45,351 - INFO - 为关键词 企业管理 生成备用数据
2025-10-19 20:18:46,352 - INFO - 开始处理关键词: 财务分析 (客户: 永洪)
2025-10-19 20:18:46,359 - INFO - 找到搜索框: input[data-e2e="searchbar-input"]
2025-10-19 20:18:46,912 - INFO - 输入关键词: 财务分析
2025-10-19 20:18:50,090 - INFO - 截图成功: screenshots/2025-10-19/永洪/douyin/财务分析_20251019_201849.png (1859845 bytes)
2025-10-19 20:18:50,105 - WARNING - 未找到联想词元素
2025-10-19 20:18:50,106 - WARNING - 未找到联想词，使用备用数据
2025-10-19 20:18:50,106 - INFO - 为关键词 财务分析 生成备用数据
2025-10-19 20:18:51,108 - INFO - 开始处理关键词: 销售统计 (客户: 永洪)
2025-10-19 20:18:51,116 - INFO - 找到搜索框: input[data-e2e="searchbar-input"]
2025-10-19 20:18:51,676 - INFO - 输入关键词: 销售统计
2025-10-19 20:18:54,719 - INFO - 截图成功: screenshots/2025-10-19/永洪/douyin/销售统计_20251019_201854.png (1787700 bytes)
2025-10-19 20:18:54,730 - WARNING - 未找到联想词元素
2025-10-19 20:18:54,731 - WARNING - 未找到联想词，使用备用数据
2025-10-19 20:18:54,731 - INFO - 为关键词 销售统计 生成备用数据
2025-10-19 20:18:55,732 - INFO - 开始处理关键词: 客户管理 (客户: 永洪)
2025-10-19 20:18:55,768 - INFO - 找到搜索框: input[data-e2e="searchbar-input"]
2025-10-19 20:18:56,333 - INFO - 输入关键词: 客户管理
2025-10-19 20:18:59,388 - INFO - 截图成功: screenshots/2025-10-19/永洪/douyin/客户管理_20251019_201858.png (1644904 bytes)
2025-10-19 20:18:59,407 - WARNING - 未找到联想词元素
2025-10-19 20:18:59,407 - WARNING - 未找到联想词，使用备用数据
2025-10-19 20:18:59,407 - INFO - 为关键词 客户管理 生成备用数据
2025-10-19 20:19:00,409 - INFO - 开始处理关键词: 业务流程 (客户: 永洪)
2025-10-19 20:19:00,416 - INFO - 找到搜索框: input[data-e2e="searchbar-input"]
2025-10-19 20:19:00,966 - INFO - 输入关键词: 业务流程
2025-10-19 20:19:04,220 - INFO - 截图成功: screenshots/2025-10-19/永洪/douyin/业务流程_20251019_201903.png (1772773 bytes)
2025-10-19 20:19:04,242 - WARNING - 未找到联想词元素
2025-10-19 20:19:04,242 - WARNING - 未找到联想词，使用备用数据
2025-10-19 20:19:04,242 - INFO - 为关键词 业务流程 生成备用数据
2025-10-19 20:19:05,248 - INFO - 结果已保存: data/output/2025-10-19/永洪_douyin.csv (30 条)
2025-10-19 20:19:05,248 - INFO - 客户 永洪 处理完成，保存到: data/output/2025-10-19/永洪_douyin.csv
2025-10-19 20:19:05,249 - INFO - 断开浏览器连接
2025-10-19 20:21:28,187 - INFO - 成功连接到Chrome浏览器 (端口: 9222)
2025-10-19 20:21:28,197 - INFO - 使用现有页面
2025-10-19 20:21:28,206 - INFO - 当前页面URL: https://www.douyin.com/?recommend=1
2025-10-19 20:21:28,206 - INFO - 已在抖音网站，无需导航
2025-10-19 20:21:28,542 - INFO - 用户确认页面准备就绪，开始抓取
2025-10-19 20:21:28,543 - INFO - 从 data/input/keywords.csv 加载了 20 个关键词
2025-10-19 20:21:28,543 - INFO - 开始处理关键词...
2025-10-19 20:21:28,543 - INFO - 开始处理客户: 思迈特 (10 个关键词)
2025-10-19 20:21:28,543 - INFO - 开始处理关键词: 体检套餐 (客户: 思迈特)
2025-10-19 20:21:28,573 - INFO - 找到搜索框: input[data-e2e="searchbar-input"]
2025-10-19 20:21:29,669 - INFO - 输入关键词: 体检套餐
2025-10-19 20:21:30,117 - INFO - 实际输入内容: 体检套餐
2025-10-19 20:21:32,715 - INFO - 截图成功: screenshots/2025-10-19/思迈特/douyin/体检套餐_20251019_202132.png (1853797 bytes)
2025-10-19 20:21:32,732 - WARNING - 未找到联想词元素
2025-10-19 20:21:32,733 - WARNING - 未找到联想词，使用备用数据
2025-10-19 20:21:32,733 - INFO - 为关键词 体检套餐 生成备用数据
2025-10-19 20:21:33,774 - INFO - 开始处理关键词: 糖尿病饮食 (客户: 思迈特)
2025-10-19 20:21:33,840 - INFO - 找到搜索框: input[data-e2e="searchbar-input"]
2025-10-19 20:21:35,015 - INFO - 输入关键词: 糖尿病饮食
2025-10-19 20:21:35,567 - INFO - 实际输入内容: 糖尿病饮食
2025-10-19 20:21:38,200 - INFO - 截图成功: screenshots/2025-10-19/思迈特/douyin/糖尿病饮食_20251019_202137.png (1778437 bytes)
2025-10-19 20:21:38,244 - WARNING - 未找到联想词元素
2025-10-19 20:21:38,244 - WARNING - 未找到联想词，使用备用数据
2025-10-19 20:21:38,244 - INFO - 为关键词 糖尿病饮食 生成备用数据
2025-10-19 20:21:39,248 - INFO - 开始处理关键词: 健康管理 (客户: 思迈特)
2025-10-19 20:21:39,256 - INFO - 找到搜索框: input[data-e2e="searchbar-input"]
2025-10-19 20:21:40,370 - INFO - 输入关键词: 健康管理
2025-10-19 20:21:40,815 - INFO - 实际输入内容: 健康管理
2025-10-19 20:21:43,424 - INFO - 截图成功: screenshots/2025-10-19/思迈特/douyin/健康管理_20251019_202142.png (1791291 bytes)
2025-10-19 20:21:43,434 - WARNING - 未找到联想词元素
2025-10-19 20:21:43,434 - WARNING - 未找到联想词，使用备用数据
2025-10-19 20:21:43,435 - INFO - 为关键词 健康管理 生成备用数据
2025-10-19 20:21:44,437 - INFO - 开始处理关键词: 血压监测 (客户: 思迈特)
2025-10-19 20:21:44,443 - INFO - 找到搜索框: input[data-e2e="searchbar-input"]
2025-10-19 20:21:45,516 - INFO - 输入关键词: 血压监测
2025-10-19 20:21:45,961 - INFO - 实际输入内容: 血压监测
2025-10-19 20:21:48,518 - INFO - 截图成功: screenshots/2025-10-19/思迈特/douyin/血压监测_20251019_202147.png (1569026 bytes)
2025-10-19 20:21:48,530 - WARNING - 未找到联想词元素
2025-10-19 20:21:48,530 - WARNING - 未找到联想词，使用备用数据
2025-10-19 20:21:48,530 - INFO - 为关键词 血压监测 生成备用数据
2025-10-19 20:21:49,532 - INFO - 开始处理关键词: 心率检测 (客户: 思迈特)
2025-10-19 20:21:49,539 - INFO - 找到搜索框: input[data-e2e="searchbar-input"]
2025-10-19 20:21:50,601 - INFO - 输入关键词: 心率检测
2025-10-19 20:21:51,039 - INFO - 实际输入内容: 心率检测
2025-10-19 20:21:53,847 - INFO - 截图成功: screenshots/2025-10-19/思迈特/douyin/心率检测_20251019_202153.png (2087330 bytes)
2025-10-19 20:21:53,904 - WARNING - 未找到联想词元素
2025-10-19 20:21:53,905 - WARNING - 未找到联想词，使用备用数据
2025-10-19 20:21:53,905 - INFO - 为关键词 心率检测 生成备用数据
2025-10-19 20:21:54,907 - INFO - 开始处理关键词: 运动健康 (客户: 思迈特)
2025-10-19 20:21:54,916 - INFO - 找到搜索框: input[data-e2e="searchbar-input"]
2025-10-19 20:21:55,991 - INFO - 输入关键词: 运动健康
2025-10-19 20:21:56,429 - INFO - 实际输入内容: 运动健康
2025-10-19 20:21:59,008 - INFO - 截图成功: screenshots/2025-10-19/思迈特/douyin/运动健康_20251019_202158.png (1599397 bytes)
2025-10-19 20:21:59,018 - WARNING - 未找到联想词元素
2025-10-19 20:21:59,018 - WARNING - 未找到联想词，使用备用数据
2025-10-19 20:21:59,018 - INFO - 为关键词 运动健康 生成备用数据
2025-10-19 20:22:00,020 - INFO - 开始处理关键词: 营养搭配 (客户: 思迈特)
2025-10-19 20:22:00,028 - INFO - 找到搜索框: input[data-e2e="searchbar-input"]
2025-10-19 20:22:01,088 - INFO - 输入关键词: 营养搭配
2025-10-19 20:22:01,536 - INFO - 实际输入内容: 营养搭配
2025-10-19 20:22:04,154 - INFO - 截图成功: screenshots/2025-10-19/思迈特/douyin/营养搭配_20251019_202203.png (1826646 bytes)
2025-10-19 20:22:04,164 - WARNING - 未找到联想词元素
2025-10-19 20:22:04,164 - WARNING - 未找到联想词，使用备用数据
2025-10-19 20:22:04,164 - INFO - 为关键词 营养搭配 生成备用数据
2025-10-19 20:22:05,166 - INFO - 开始处理关键词: 睡眠质量 (客户: 思迈特)
2025-10-19 20:22:05,174 - INFO - 找到搜索框: input[data-e2e="searchbar-input"]
2025-10-19 20:22:06,244 - INFO - 输入关键词: 睡眠质量
2025-10-19 20:22:06,701 - INFO - 实际输入内容: 睡眠质量
2025-10-19 20:22:09,355 - INFO - 截图成功: screenshots/2025-10-19/思迈特/douyin/睡眠质量_20251019_202208.png (1878763 bytes)
2025-10-19 20:22:09,369 - WARNING - 未找到联想词元素
2025-10-19 20:22:09,369 - WARNING - 未找到联想词，使用备用数据
2025-10-19 20:22:09,369 - INFO - 为关键词 睡眠质量 生成备用数据
2025-10-19 20:22:10,370 - INFO - 开始处理关键词: 减肥方法 (客户: 思迈特)
2025-10-19 20:22:10,377 - INFO - 找到搜索框: input[data-e2e="searchbar-input"]
2025-10-19 20:22:11,445 - INFO - 输入关键词: 减肥方法
2025-10-19 20:22:11,881 - INFO - 实际输入内容: 减肥方法
2025-10-19 20:22:14,500 - INFO - 截图成功: screenshots/2025-10-19/思迈特/douyin/减肥方法_20251019_202213.png (1803686 bytes)
2025-10-19 20:22:14,510 - WARNING - 未找到联想词元素
2025-10-19 20:22:14,510 - WARNING - 未找到联想词，使用备用数据
2025-10-19 20:22:14,511 - INFO - 为关键词 减肥方法 生成备用数据
2025-10-19 20:22:15,511 - INFO - 开始处理关键词: 养生保健 (客户: 思迈特)
2025-10-19 20:22:15,516 - INFO - 找到搜索框: input[data-e2e="searchbar-input"]
2025-10-19 20:22:16,575 - INFO - 输入关键词: 养生保健
2025-10-19 20:22:17,008 - INFO - 实际输入内容: 养生保健
2025-10-19 20:22:19,618 - INFO - 截图成功: screenshots/2025-10-19/思迈特/douyin/养生保健_20251019_202219.png (1698143 bytes)
2025-10-19 20:22:19,632 - WARNING - 未找到联想词元素
2025-10-19 20:22:19,632 - WARNING - 未找到联想词，使用备用数据
2025-10-19 20:22:19,632 - INFO - 为关键词 养生保健 生成备用数据
2025-10-19 20:22:20,645 - INFO - 结果已保存: data/output/2025-10-19/思迈特_douyin.csv (30 条)
2025-10-19 20:22:20,645 - INFO - 客户 思迈特 处理完成，保存到: data/output/2025-10-19/思迈特_douyin.csv
2025-10-19 20:22:20,645 - INFO - 开始处理客户: 永洪 (10 个关键词)
2025-10-19 20:22:20,645 - INFO - 开始处理关键词: 老人肺部护理 (客户: 永洪)
2025-10-19 20:22:20,651 - INFO - 找到搜索框: input[data-e2e="searchbar-input"]
2025-10-19 20:22:21,721 - INFO - 输入关键词: 老人肺部护理
2025-10-19 20:22:22,376 - INFO - 实际输入内容: 老人肺部护理
2025-10-19 20:22:25,120 - INFO - 截图成功: screenshots/2025-10-19/永洪/douyin/老人肺部护理_20251019_202224.png (2014652 bytes)
2025-10-19 20:22:25,140 - WARNING - 未找到联想词元素
2025-10-19 20:22:25,140 - WARNING - 未找到联想词，使用备用数据
2025-10-19 20:22:25,140 - INFO - 为关键词 老人肺部护理 生成备用数据
2025-10-19 20:22:26,142 - INFO - 开始处理关键词: 数据分析 (客户: 永洪)
2025-10-19 20:22:26,148 - INFO - 找到搜索框: input[data-e2e="searchbar-input"]
2025-10-19 20:22:27,227 - INFO - 输入关键词: 数据分析
2025-10-19 20:22:27,661 - INFO - 实际输入内容: 数据分析
2025-10-19 20:22:30,452 - INFO - 截图成功: screenshots/2025-10-19/永洪/douyin/数据分析_20251019_202229.png (2336683 bytes)
2025-10-19 20:22:30,462 - WARNING - 未找到联想词元素
2025-10-19 20:22:30,462 - WARNING - 未找到联想词，使用备用数据
2025-10-19 20:22:30,462 - INFO - 为关键词 数据分析 生成备用数据
2025-10-19 20:22:31,464 - INFO - 开始处理关键词: 商业智能 (客户: 永洪)
2025-10-19 20:22:31,470 - INFO - 找到搜索框: input[data-e2e="searchbar-input"]
2025-10-19 20:22:32,564 - INFO - 输入关键词: 商业智能
2025-10-19 20:22:33,031 - INFO - 实际输入内容: 商业智能
2025-10-19 20:22:35,778 - INFO - 截图成功: screenshots/2025-10-19/永洪/douyin/商业智能_20251019_202235.png (2332221 bytes)
2025-10-19 20:22:35,788 - WARNING - 未找到联想词元素
2025-10-19 20:22:35,788 - WARNING - 未找到联想词，使用备用数据
2025-10-19 20:22:35,788 - INFO - 为关键词 商业智能 生成备用数据
2025-10-19 20:22:36,789 - INFO - 开始处理关键词: 报表制作 (客户: 永洪)
2025-10-19 20:22:36,797 - INFO - 找到搜索框: input[data-e2e="searchbar-input"]
2025-10-19 20:22:37,898 - INFO - 输入关键词: 报表制作
2025-10-19 20:22:38,347 - INFO - 实际输入内容: 报表制作
2025-10-19 20:22:41,049 - INFO - 截图成功: screenshots/2025-10-19/永洪/douyin/报表制作_20251019_202240.png (1845608 bytes)
2025-10-19 20:22:41,063 - WARNING - 未找到联想词元素
2025-10-19 20:22:41,063 - WARNING - 未找到联想词，使用备用数据
2025-10-19 20:22:41,063 - INFO - 为关键词 报表制作 生成备用数据
2025-10-19 20:22:42,064 - INFO - 开始处理关键词: 数据可视化 (客户: 永洪)
2025-10-19 20:22:42,071 - INFO - 找到搜索框: input[data-e2e="searchbar-input"]
2025-10-19 20:22:43,149 - INFO - 输入关键词: 数据可视化
2025-10-19 20:22:43,695 - INFO - 实际输入内容: 数据可视化
2025-10-19 20:22:46,418 - INFO - 截图成功: screenshots/2025-10-19/永洪/douyin/数据可视化_20251019_202245.png (1934811 bytes)
2025-10-19 20:22:46,429 - WARNING - 未找到联想词元素
2025-10-19 20:22:46,429 - WARNING - 未找到联想词，使用备用数据
2025-10-19 20:22:46,429 - INFO - 为关键词 数据可视化 生成备用数据
2025-10-19 20:22:47,430 - INFO - 开始处理关键词: 企业管理 (客户: 永洪)
2025-10-19 20:22:47,443 - INFO - 找到搜索框: input[data-e2e="searchbar-input"]
2025-10-19 20:22:48,568 - INFO - 输入关键词: 企业管理
2025-10-19 20:22:49,005 - INFO - 实际输入内容: 企业管理
2025-10-19 20:22:51,820 - INFO - 截图成功: screenshots/2025-10-19/永洪/douyin/企业管理_20251019_202251.png (1928330 bytes)
2025-10-19 20:22:51,866 - WARNING - 未找到联想词元素
2025-10-19 20:22:51,866 - WARNING - 未找到联想词，使用备用数据
2025-10-19 20:22:51,866 - INFO - 为关键词 企业管理 生成备用数据
2025-10-19 20:22:52,871 - INFO - 开始处理关键词: 财务分析 (客户: 永洪)
2025-10-19 20:22:52,878 - INFO - 找到搜索框: input[data-e2e="searchbar-input"]
2025-10-19 20:22:53,947 - INFO - 输入关键词: 财务分析
2025-10-19 20:22:54,386 - INFO - 实际输入内容: 财务分析
2025-10-19 20:22:57,159 - INFO - 截图成功: screenshots/2025-10-19/永洪/douyin/财务分析_20251019_202256.png (2303397 bytes)
2025-10-19 20:22:57,185 - WARNING - 未找到联想词元素
2025-10-19 20:22:57,185 - WARNING - 未找到联想词，使用备用数据
2025-10-19 20:22:57,186 - INFO - 为关键词 财务分析 生成备用数据
2025-10-19 20:22:58,187 - INFO - 开始处理关键词: 销售统计 (客户: 永洪)
2025-10-19 20:22:58,194 - INFO - 找到搜索框: input[data-e2e="searchbar-input"]
2025-10-19 20:22:59,272 - INFO - 输入关键词: 销售统计
2025-10-19 20:22:59,712 - INFO - 实际输入内容: 销售统计
2025-10-19 20:23:02,304 - INFO - 截图成功: screenshots/2025-10-19/永洪/douyin/销售统计_20251019_202301.png (1752093 bytes)
2025-10-19 20:23:02,317 - WARNING - 未找到联想词元素
2025-10-19 20:23:02,317 - WARNING - 未找到联想词，使用备用数据
2025-10-19 20:23:02,317 - INFO - 为关键词 销售统计 生成备用数据
2025-10-19 20:23:03,319 - INFO - 开始处理关键词: 客户管理 (客户: 永洪)
2025-10-19 20:23:03,326 - INFO - 找到搜索框: input[data-e2e="searchbar-input"]
2025-10-19 20:23:04,399 - INFO - 输入关键词: 客户管理
2025-10-19 20:23:04,874 - INFO - 实际输入内容: 客户管理
2025-10-19 20:23:07,654 - INFO - 截图成功: screenshots/2025-10-19/永洪/douyin/客户管理_20251019_202306.png (1918493 bytes)
2025-10-19 20:23:07,671 - WARNING - 未找到联想词元素
2025-10-19 20:23:07,671 - WARNING - 未找到联想词，使用备用数据
2025-10-19 20:23:07,671 - INFO - 为关键词 客户管理 生成备用数据
2025-10-19 20:23:08,672 - INFO - 开始处理关键词: 业务流程 (客户: 永洪)
2025-10-19 20:23:08,681 - INFO - 找到搜索框: input[data-e2e="searchbar-input"]
2025-10-19 20:23:09,763 - INFO - 输入关键词: 业务流程
2025-10-19 20:23:10,233 - INFO - 实际输入内容: 业务流程
2025-10-19 20:23:12,986 - INFO - 截图成功: screenshots/2025-10-19/永洪/douyin/业务流程_20251019_202312.png (2196276 bytes)
2025-10-19 20:23:13,005 - WARNING - 未找到联想词元素
2025-10-19 20:23:13,005 - WARNING - 未找到联想词，使用备用数据
2025-10-19 20:23:13,005 - INFO - 为关键词 业务流程 生成备用数据
2025-10-19 20:23:14,012 - INFO - 结果已保存: data/output/2025-10-19/永洪_douyin.csv (30 条)
2025-10-19 20:23:14,012 - INFO - 客户 永洪 处理完成，保存到: data/output/2025-10-19/永洪_douyin.csv
2025-10-19 20:23:14,012 - INFO - 断开浏览器连接
2025-10-19 20:25:07,003 - INFO - 成功连接到Chrome浏览器 (端口: 9222)
2025-10-19 20:25:07,004 - INFO - 使用现有页面
2025-10-19 20:25:07,004 - INFO - 当前页面URL: https://www.douyin.com/?recommend=1
2025-10-19 20:25:07,004 - INFO - 已在抖音网站，无需导航
2025-10-19 20:25:07,573 - INFO - 用户确认页面准备就绪，开始抓取
2025-10-19 20:25:07,575 - INFO - 从 data/input/keywords.csv 加载了 20 个关键词
2025-10-19 20:25:07,575 - INFO - 开始处理关键词...
2025-10-19 20:25:07,575 - INFO - 开始处理客户: 思迈特 (10 个关键词)
2025-10-19 20:25:07,575 - INFO - 开始处理关键词: 体检套餐 (客户: 思迈特)
2025-10-19 20:25:07,611 - INFO - 找到搜索框: input[data-e2e="searchbar-input"]
2025-10-19 20:25:08,695 - INFO - 输入关键词: 体检套餐
2025-10-19 20:25:09,151 - INFO - 实际输入内容: 体检套餐
2025-10-19 20:25:11,649 - INFO - 截图成功: screenshots/2025-10-19/思迈特/douyin/体检套餐_20251019_202511.png (1451812 bytes)
2025-10-19 20:25:11,667 - WARNING - 未找到联想词元素
2025-10-19 20:25:11,667 - WARNING - 未找到联想词，使用备用数据
2025-10-19 20:25:11,667 - INFO - 为关键词 体检套餐 生成备用数据
2025-10-19 20:25:12,668 - INFO - 开始处理关键词: 糖尿病饮食 (客户: 思迈特)
2025-10-19 20:25:12,677 - INFO - 找到搜索框: input[data-e2e="searchbar-input"]
2025-10-19 20:25:13,760 - INFO - 输入关键词: 糖尿病饮食
2025-10-19 20:25:14,336 - INFO - 实际输入内容: 糖尿病饮食
2025-10-19 20:25:16,896 - INFO - 截图成功: screenshots/2025-10-19/思迈特/douyin/糖尿病饮食_20251019_202516.png (1658361 bytes)
2025-10-19 20:25:16,915 - WARNING - 未找到联想词元素
2025-10-19 20:25:16,915 - WARNING - 未找到联想词，使用备用数据
2025-10-19 20:25:16,915 - INFO - 为关键词 糖尿病饮食 生成备用数据
2025-10-19 20:25:17,917 - INFO - 开始处理关键词: 健康管理 (客户: 思迈特)
2025-10-19 20:25:17,930 - INFO - 找到搜索框: input[data-e2e="searchbar-input"]
2025-10-19 20:25:19,009 - INFO - 输入关键词: 健康管理
2025-10-19 20:25:19,446 - INFO - 实际输入内容: 健康管理
2025-10-19 20:25:22,047 - INFO - 截图成功: screenshots/2025-10-19/思迈特/douyin/健康管理_20251019_202521.png (1810262 bytes)
2025-10-19 20:25:22,061 - WARNING - 未找到联想词元素
2025-10-19 20:25:22,061 - WARNING - 未找到联想词，使用备用数据
2025-10-19 20:25:22,061 - INFO - 为关键词 健康管理 生成备用数据
2025-10-19 20:25:23,062 - INFO - 开始处理关键词: 血压监测 (客户: 思迈特)
2025-10-19 20:25:23,067 - INFO - 找到搜索框: input[data-e2e="searchbar-input"]
2025-10-19 20:25:24,154 - INFO - 输入关键词: 血压监测
2025-10-19 20:25:24,590 - INFO - 实际输入内容: 血压监测
2025-10-19 20:25:27,207 - INFO - 截图成功: screenshots/2025-10-19/思迈特/douyin/血压监测_20251019_202526.png (1841578 bytes)
2025-10-19 20:25:27,220 - WARNING - 未找到联想词元素
2025-10-19 20:25:27,221 - WARNING - 未找到联想词，使用备用数据
2025-10-19 20:25:27,221 - INFO - 为关键词 血压监测 生成备用数据
2025-10-19 20:25:28,222 - INFO - 开始处理关键词: 心率检测 (客户: 思迈特)
2025-10-19 20:25:28,234 - INFO - 找到搜索框: input[data-e2e="searchbar-input"]
2025-10-19 20:25:29,296 - INFO - 输入关键词: 心率检测
2025-10-19 20:25:29,745 - INFO - 实际输入内容: 心率检测
2025-10-19 20:25:32,373 - INFO - 截图成功: screenshots/2025-10-19/思迈特/douyin/心率检测_20251019_202531.png (1946781 bytes)
2025-10-19 20:25:32,384 - WARNING - 未找到联想词元素
2025-10-19 20:25:32,384 - WARNING - 未找到联想词，使用备用数据
2025-10-19 20:25:32,384 - INFO - 为关键词 心率检测 生成备用数据
2025-10-19 20:25:33,385 - INFO - 开始处理关键词: 运动健康 (客户: 思迈特)
2025-10-19 20:25:33,398 - INFO - 找到搜索框: input[data-e2e="searchbar-input"]
2025-10-19 20:25:34,482 - INFO - 输入关键词: 运动健康
2025-10-19 20:25:34,931 - INFO - 实际输入内容: 运动健康
2025-10-19 20:25:37,547 - INFO - 截图成功: screenshots/2025-10-19/思迈特/douyin/运动健康_20251019_202536.png (1887361 bytes)
2025-10-19 20:25:37,559 - WARNING - 未找到联想词元素
2025-10-19 20:25:37,560 - WARNING - 未找到联想词，使用备用数据
2025-10-19 20:25:37,560 - INFO - 为关键词 运动健康 生成备用数据
2025-10-19 20:25:38,561 - INFO - 开始处理关键词: 营养搭配 (客户: 思迈特)
2025-10-19 20:25:38,566 - INFO - 找到搜索框: input[data-e2e="searchbar-input"]
2025-10-19 20:25:39,642 - INFO - 输入关键词: 营养搭配
2025-10-19 20:25:40,089 - INFO - 实际输入内容: 营养搭配
2025-10-19 20:25:42,716 - INFO - 截图成功: screenshots/2025-10-19/思迈特/douyin/营养搭配_20251019_202542.png (1995210 bytes)
2025-10-19 20:25:42,726 - WARNING - 未找到联想词元素
2025-10-19 20:25:42,726 - WARNING - 未找到联想词，使用备用数据
2025-10-19 20:25:42,726 - INFO - 为关键词 营养搭配 生成备用数据
2025-10-19 20:25:43,728 - INFO - 开始处理关键词: 睡眠质量 (客户: 思迈特)
2025-10-19 20:25:43,738 - INFO - 找到搜索框: input[data-e2e="searchbar-input"]
2025-10-19 20:25:44,827 - INFO - 输入关键词: 睡眠质量
2025-10-19 20:25:45,280 - INFO - 实际输入内容: 睡眠质量
2025-10-19 20:25:47,833 - INFO - 截图成功: screenshots/2025-10-19/思迈特/douyin/睡眠质量_20251019_202547.png (1667067 bytes)
2025-10-19 20:25:47,842 - WARNING - 未找到联想词元素
2025-10-19 20:25:47,842 - WARNING - 未找到联想词，使用备用数据
2025-10-19 20:25:47,842 - INFO - 为关键词 睡眠质量 生成备用数据
2025-10-19 20:25:48,843 - INFO - 开始处理关键词: 减肥方法 (客户: 思迈特)
2025-10-19 20:25:48,852 - INFO - 找到搜索框: input[data-e2e="searchbar-input"]
2025-10-19 20:25:49,933 - INFO - 输入关键词: 减肥方法
2025-10-19 20:25:50,390 - INFO - 实际输入内容: 减肥方法
2025-10-19 20:25:52,972 - INFO - 截图成功: screenshots/2025-10-19/思迈特/douyin/减肥方法_20251019_202552.png (1866043 bytes)
2025-10-19 20:25:52,982 - WARNING - 未找到联想词元素
2025-10-19 20:25:52,982 - WARNING - 未找到联想词，使用备用数据
2025-10-19 20:25:52,982 - INFO - 为关键词 减肥方法 生成备用数据
2025-10-19 20:25:53,983 - INFO - 开始处理关键词: 养生保健 (客户: 思迈特)
2025-10-19 20:25:53,995 - INFO - 找到搜索框: input[data-e2e="searchbar-input"]
2025-10-19 20:25:55,118 - INFO - 输入关键词: 养生保健
2025-10-19 20:25:55,556 - INFO - 实际输入内容: 养生保健
2025-10-19 20:25:58,150 - INFO - 截图成功: screenshots/2025-10-19/思迈特/douyin/养生保健_20251019_202557.png (1849797 bytes)
2025-10-19 20:25:58,170 - WARNING - 未找到联想词元素
2025-10-19 20:25:58,170 - WARNING - 未找到联想词，使用备用数据
2025-10-19 20:25:58,170 - INFO - 为关键词 养生保健 生成备用数据
2025-10-19 20:25:59,196 - INFO - 结果已保存: data/output/2025-10-19/思迈特_douyin.csv (30 条)
2025-10-19 20:25:59,196 - INFO - 客户 思迈特 处理完成，保存到: data/output/2025-10-19/思迈特_douyin.csv
2025-10-19 20:25:59,196 - INFO - 开始处理客户: 永洪 (10 个关键词)
2025-10-19 20:25:59,196 - INFO - 开始处理关键词: 老人肺部护理 (客户: 永洪)
2025-10-19 20:25:59,203 - INFO - 找到搜索框: input[data-e2e="searchbar-input"]
2025-10-19 20:26:00,285 - INFO - 输入关键词: 老人肺部护理
2025-10-19 20:26:00,968 - INFO - 实际输入内容: 老人肺部护理
2025-10-19 20:26:03,587 - INFO - 截图成功: screenshots/2025-10-19/永洪/douyin/老人肺部护理_20251019_202602.png (1931851 bytes)
2025-10-19 20:26:03,596 - WARNING - 未找到联想词元素
2025-10-19 20:26:03,596 - WARNING - 未找到联想词，使用备用数据
2025-10-19 20:26:03,596 - INFO - 为关键词 老人肺部护理 生成备用数据
2025-10-19 20:26:04,597 - INFO - 开始处理关键词: 数据分析 (客户: 永洪)
2025-10-19 20:26:04,603 - INFO - 找到搜索框: input[data-e2e="searchbar-input"]
2025-10-19 20:26:05,685 - INFO - 输入关键词: 数据分析
2025-10-19 20:26:06,147 - INFO - 实际输入内容: 数据分析
2025-10-19 20:26:08,774 - INFO - 截图成功: screenshots/2025-10-19/永洪/douyin/数据分析_20251019_202608.png (1994619 bytes)
2025-10-19 20:26:08,782 - WARNING - 未找到联想词元素
2025-10-19 20:26:08,782 - WARNING - 未找到联想词，使用备用数据
2025-10-19 20:26:08,782 - INFO - 为关键词 数据分析 生成备用数据
2025-10-19 20:26:09,783 - INFO - 开始处理关键词: 商业智能 (客户: 永洪)
2025-10-19 20:26:09,796 - INFO - 找到搜索框: input[data-e2e="searchbar-input"]
2025-10-19 20:26:10,880 - INFO - 输入关键词: 商业智能
2025-10-19 20:26:11,346 - INFO - 实际输入内容: 商业智能
2025-10-19 20:26:13,963 - INFO - 截图成功: screenshots/2025-10-19/永洪/douyin/商业智能_20251019_202613.png (1948324 bytes)
2025-10-19 20:26:13,972 - WARNING - 未找到联想词元素
2025-10-19 20:26:13,972 - WARNING - 未找到联想词，使用备用数据
2025-10-19 20:26:13,972 - INFO - 为关键词 商业智能 生成备用数据
2025-10-19 20:26:14,974 - INFO - 开始处理关键词: 报表制作 (客户: 永洪)
2025-10-19 20:26:14,998 - INFO - 找到搜索框: input[data-e2e="searchbar-input"]
2025-10-19 20:26:16,070 - INFO - 输入关键词: 报表制作
2025-10-19 20:26:16,524 - INFO - 实际输入内容: 报表制作
2025-10-19 20:26:19,060 - INFO - 截图成功: screenshots/2025-10-19/永洪/douyin/报表制作_20251019_202618.png (1700657 bytes)
2025-10-19 20:26:19,071 - WARNING - 未找到联想词元素
2025-10-19 20:26:19,071 - WARNING - 未找到联想词，使用备用数据
2025-10-19 20:26:19,071 - INFO - 为关键词 报表制作 生成备用数据
2025-10-19 20:26:20,072 - INFO - 开始处理关键词: 数据可视化 (客户: 永洪)
2025-10-19 20:26:20,084 - INFO - 找到搜索框: input[data-e2e="searchbar-input"]
2025-10-19 20:26:21,183 - INFO - 输入关键词: 数据可视化
2025-10-19 20:26:21,753 - INFO - 实际输入内容: 数据可视化
2025-10-19 20:26:24,337 - INFO - 截图成功: screenshots/2025-10-19/永洪/douyin/数据可视化_20251019_202623.png (1987328 bytes)
2025-10-19 20:26:24,346 - WARNING - 未找到联想词元素
2025-10-19 20:26:24,347 - WARNING - 未找到联想词，使用备用数据
2025-10-19 20:26:24,347 - INFO - 为关键词 数据可视化 生成备用数据
2025-10-19 20:26:25,348 - INFO - 开始处理关键词: 企业管理 (客户: 永洪)
2025-10-19 20:26:25,363 - INFO - 找到搜索框: input[data-e2e="searchbar-input"]
2025-10-19 20:26:26,449 - INFO - 输入关键词: 企业管理
2025-10-19 20:26:26,889 - INFO - 实际输入内容: 企业管理
2025-10-19 20:26:29,418 - INFO - 截图成功: screenshots/2025-10-19/永洪/douyin/企业管理_20251019_202628.png (1640410 bytes)
2025-10-19 20:26:29,429 - WARNING - 未找到联想词元素
2025-10-19 20:26:29,429 - WARNING - 未找到联想词，使用备用数据
2025-10-19 20:26:29,429 - INFO - 为关键词 企业管理 生成备用数据
2025-10-19 20:26:30,430 - INFO - 开始处理关键词: 财务分析 (客户: 永洪)
2025-10-19 20:26:30,442 - INFO - 找到搜索框: input[data-e2e="searchbar-input"]
2025-10-19 20:26:31,536 - INFO - 输入关键词: 财务分析
2025-10-19 20:26:31,980 - INFO - 实际输入内容: 财务分析
2025-10-19 20:26:34,641 - INFO - 截图成功: screenshots/2025-10-19/永洪/douyin/财务分析_20251019_202633.png (2032919 bytes)
2025-10-19 20:26:34,655 - WARNING - 未找到联想词元素
2025-10-19 20:26:34,655 - WARNING - 未找到联想词，使用备用数据
2025-10-19 20:26:34,655 - INFO - 为关键词 财务分析 生成备用数据
2025-10-19 20:26:35,656 - INFO - 开始处理关键词: 销售统计 (客户: 永洪)
2025-10-19 20:26:35,670 - INFO - 找到搜索框: input[data-e2e="searchbar-input"]
2025-10-19 20:26:36,745 - INFO - 输入关键词: 销售统计
2025-10-19 20:26:37,195 - INFO - 实际输入内容: 销售统计
2025-10-19 20:26:39,831 - INFO - 截图成功: screenshots/2025-10-19/永洪/douyin/销售统计_20251019_202639.png (1901450 bytes)
2025-10-19 20:26:39,847 - WARNING - 未找到联想词元素
2025-10-19 20:26:39,847 - WARNING - 未找到联想词，使用备用数据
2025-10-19 20:26:39,848 - INFO - 为关键词 销售统计 生成备用数据
2025-10-19 20:26:40,849 - INFO - 开始处理关键词: 客户管理 (客户: 永洪)
2025-10-19 20:26:40,861 - INFO - 找到搜索框: input[data-e2e="searchbar-input"]
2025-10-19 20:26:41,939 - INFO - 输入关键词: 客户管理
2025-10-19 20:26:42,381 - INFO - 实际输入内容: 客户管理
2025-10-19 20:26:45,054 - INFO - 截图成功: screenshots/2025-10-19/永洪/douyin/客户管理_20251019_202644.png (2001767 bytes)
2025-10-19 20:26:45,066 - WARNING - 未找到联想词元素
2025-10-19 20:26:45,066 - WARNING - 未找到联想词，使用备用数据
2025-10-19 20:26:45,066 - INFO - 为关键词 客户管理 生成备用数据
2025-10-19 20:26:46,068 - INFO - 开始处理关键词: 业务流程 (客户: 永洪)
2025-10-19 20:26:46,079 - INFO - 找到搜索框: input[data-e2e="searchbar-input"]
2025-10-19 20:26:47,162 - INFO - 输入关键词: 业务流程
2025-10-19 20:26:47,622 - INFO - 实际输入内容: 业务流程
2025-10-19 20:26:50,214 - INFO - 截图成功: screenshots/2025-10-19/永洪/douyin/业务流程_20251019_202649.png (1754027 bytes)
2025-10-19 20:26:50,227 - WARNING - 未找到联想词元素
2025-10-19 20:26:50,227 - WARNING - 未找到联想词，使用备用数据
2025-10-19 20:26:50,227 - INFO - 为关键词 业务流程 生成备用数据
2025-10-19 20:26:51,235 - INFO - 结果已保存: data/output/2025-10-19/永洪_douyin.csv (30 条)
2025-10-19 20:26:51,235 - INFO - 客户 永洪 处理完成，保存到: data/output/2025-10-19/永洪_douyin.csv
2025-10-19 20:26:51,236 - INFO - 断开浏览器连接
