2025-10-19 13:07:43,131 - INFO - 浏览器初始化完成
2025-10-19 13:08:20,815 - ERROR - 导航到抖音失败: Timeout 30000ms exceeded.
2025-10-19 13:08:21,543 - INFO - 浏览器关闭完成
2025-10-19 13:08:31,094 - INFO - 浏览器初始化完成
2025-10-19 13:09:07,327 - ERROR - 导航到抖音失败: Timeout 30000ms exceeded.
2025-10-19 13:09:07,422 - INFO - 浏览器关闭完成
2025-10-19 13:31:40,138 - INFO - 浏览器初始化完成
2025-10-19 13:32:15,615 - ERROR - 导航到抖音失败: Timeout 30000ms exceeded.
2025-10-19 13:32:16,331 - INFO - 浏览器关闭完成
2025-10-19 13:32:56,814 - INFO - 浏览器初始化完成
2025-10-19 13:33:30,668 - ERROR - 导航到抖音失败: Timeout 30000ms exceeded.
2025-10-19 13:33:31,095 - INFO - 浏览器关闭完成
2025-10-19 13:34:11,981 - INFO - 浏览器初始化完成
2025-10-19 13:36:14,941 - ERROR - 导航到抖音失败: Timeout 120000ms exceeded.
=========================== logs ===========================
"commit" event fired
"domcontentloaded" event fired
"load" event fired
============================================================
2025-10-19 13:36:15,208 - INFO - 浏览器关闭完成
2025-10-19 13:41:19,072 - INFO - 浏览器初始化完成
2025-10-19 13:43:23,095 - ERROR - 导航到抖音失败: Timeout 120000ms exceeded.
2025-10-19 13:43:23,699 - INFO - 浏览器关闭完成
2025-10-19 13:45:00,429 - INFO - 浏览器初始化完成
2025-10-19 14:10:34,080 - INFO - 浏览器关闭完成
2025-10-19 20:15:52,432 - INFO - 成功连接到Chrome浏览器 (端口: 9222)
2025-10-19 20:15:52,432 - INFO - 使用现有页面
2025-10-19 20:15:52,432 - INFO - 当前页面URL: chrome://intro/
2025-10-19 20:15:52,432 - INFO - 导航到抖音: https://www.douyin.com/
2025-10-19 20:15:52,432 - ERROR - 导航到抖音失败: 'timeout'
2025-10-19 20:15:52,433 - ERROR - 导航到抖音失败
2025-10-19 20:15:52,433 - INFO - 断开浏览器连接
2025-10-19 20:16:31,812 - INFO - 成功连接到Chrome浏览器 (端口: 9222)
2025-10-19 20:16:31,813 - INFO - 使用现有页面
2025-10-19 20:16:31,813 - INFO - 当前页面URL: https://www.douyin.com/?recommend=1
2025-10-19 20:16:31,813 - INFO - 已在抖音网站，无需导航
2025-10-19 20:16:31,961 - INFO - 用户确认页面准备就绪，开始抓取
2025-10-19 20:16:31,962 - INFO - 从 data/input/keywords.csv 加载了 20 个关键词
2025-10-19 20:16:31,962 - INFO - 开始处理关键词...
2025-10-19 20:16:31,962 - INFO - 开始处理客户: 思迈特 (10 个关键词)
2025-10-19 20:16:31,962 - INFO - 开始处理关键词: 体检套餐 (客户: 思迈特)
2025-10-19 20:16:32,718 - INFO - 找到搜索框: input[data-e2e="searchbar-input"]
2025-10-19 20:17:02,745 - ERROR - 处理关键词 体检套餐 时出错: ElementHandle.click: Timeout 30000ms exceeded.
Call log:
  - attempting click action
    2 × waiting for element to be visible, enabled and stable
      - element is visible, enabled and stable
      - scrolling into view if needed
      - done scrolling
      - <div class="oMpq4HiN GzPW6isY">…</div> from <div id="login-full-panel-nzyq85vraow0">…</div> subtree intercepts pointer events
    - retrying click action
    - waiting 20ms
    2 × waiting for element to be visible, enabled and stable
      - element is visible, enabled and stable
      - scrolling into view if needed
      - done scrolling
      - <div class="oMpq4HiN GzPW6isY">…</div> from <div id="login-full-panel-nzyq85vraow0">…</div> subtree intercepts pointer events
    - retrying click action
      - waiting 100ms
    49 × waiting for element to be visible, enabled and stable
       - element is visible, enabled and stable
       - scrolling into view if needed
       - done scrolling
       - <div class="oMpq4HiN GzPW6isY">…</div> from <div id="login-full-panel-nzyq85vraow0">…</div> subtree intercepts pointer events
     - retrying click action
       - waiting 500ms

2025-10-19 20:17:02,747 - INFO - 为关键词 体检套餐 生成备用数据
2025-10-19 20:17:03,748 - INFO - 开始处理关键词: 糖尿病饮食 (客户: 思迈特)
2025-10-19 20:17:03,759 - INFO - 找到搜索框: input[data-e2e="searchbar-input"]
2025-10-19 20:17:33,767 - ERROR - 处理关键词 糖尿病饮食 时出错: ElementHandle.click: Timeout 30000ms exceeded.
Call log:
  - attempting click action
    2 × waiting for element to be visible, enabled and stable
      - element is visible, enabled and stable
      - scrolling into view if needed
      - done scrolling
      - <div class="oMpq4HiN GzPW6isY">…</div> from <div id="login-full-panel-nzyq85vraow0">…</div> subtree intercepts pointer events
    - retrying click action
    - waiting 20ms
    2 × waiting for element to be visible, enabled and stable
      - element is visible, enabled and stable
      - scrolling into view if needed
      - done scrolling
      - <div class="oMpq4HiN GzPW6isY">…</div> from <div id="login-full-panel-nzyq85vraow0">…</div> subtree intercepts pointer events
    - retrying click action
      - waiting 100ms
    15 × waiting for element to be visible, enabled and stable
       - element is visible, enabled and stable
       - scrolling into view if needed
       - done scrolling
       - <div class="oMpq4HiN GzPW6isY">…</div> from <div id="login-full-panel-nzyq85vraow0">…</div> subtree intercepts pointer events
     - retrying click action
       - waiting 500ms
    40 × waiting for element to be visible, enabled and stable
       - element is visible, enabled and stable
       - scrolling into view if needed
       - done scrolling
       - <div class="VNTgakC3wGL3qKLhN6Tj">…</div> from <div id="uc-second-verify">…</div> subtree intercepts pointer events
     - retrying click action
       - waiting 500ms
    - waiting for element to be visible, enabled and stable
    - element is visible, enabled and stable
    - scrolling into view if needed
    - done scrolling

2025-10-19 20:17:33,769 - INFO - 为关键词 糖尿病饮食 生成备用数据
2025-10-19 20:17:34,771 - INFO - 开始处理关键词: 健康管理 (客户: 思迈特)
2025-10-19 20:17:34,801 - INFO - 找到搜索框: input[data-e2e="searchbar-input"]
2025-10-19 20:17:38,092 - ERROR - 处理关键词 健康管理 时出错: ElementHandle.click: Element is not attached to the DOM
Call log:
  - attempting click action
    2 × waiting for element to be visible, enabled and stable
      - element is visible, enabled and stable
      - scrolling into view if needed
      - done scrolling
      - <div class="VNTgakC3wGL3qKLhN6Tj">…</div> from <div id="uc-second-verify">…</div> subtree intercepts pointer events
    - retrying click action
    - waiting 20ms
    2 × waiting for element to be visible, enabled and stable
      - element is visible, enabled and stable
      - scrolling into view if needed
      - done scrolling
      - <div class="VNTgakC3wGL3qKLhN6Tj">…</div> from <div id="uc-second-verify">…</div> subtree intercepts pointer events
    - retrying click action
      - waiting 100ms
    2 × waiting for element to be visible, enabled and stable
      - element is visible, enabled and stable
      - scrolling into view if needed
      - done scrolling
      - <div class="VNTgakC3wGL3qKLhN6Tj">…</div> from <div id="uc-second-verify">…</div> subtree intercepts pointer events
    - retrying click action
      - waiting 500ms
    2 × waiting for element to be visible, enabled and stable
      - element is visible, enabled and stable
      - scrolling into view if needed
      - done scrolling
      - <div class="oMpq4HiN GzPW6isY">…</div> from <div id="login-full-panel-nzyq85vraow0">…</div> subtree intercepts pointer events
    - retrying click action
      - waiting 500ms
    - waiting for" https://www.douyin.com/?recommend=1" navigation to finish...
    - navigated to "https://www.douyin.com/?recommend=1"
    - waiting for element to be visible, enabled and stable

2025-10-19 20:17:38,092 - INFO - 为关键词 健康管理 生成备用数据
2025-10-19 20:17:39,093 - INFO - 开始处理关键词: 血压监测 (客户: 思迈特)
2025-10-19 20:17:39,102 - INFO - 找到搜索框: input[data-e2e="searchbar-input"]
2025-10-19 20:17:45,216 - INFO - 输入关键词: 血压监测
2025-10-19 20:17:48,304 - INFO - 截图成功: screenshots/2025-10-19/思迈特/douyin/血压监测_20251019_201747.png (1758333 bytes)
2025-10-19 20:17:48,319 - WARNING - 未找到联想词元素
2025-10-19 20:17:48,319 - WARNING - 未找到联想词，使用备用数据
2025-10-19 20:17:48,319 - INFO - 为关键词 血压监测 生成备用数据
2025-10-19 20:17:49,320 - INFO - 开始处理关键词: 心率检测 (客户: 思迈特)
2025-10-19 20:17:49,337 - INFO - 找到搜索框: input[data-e2e="searchbar-input"]
2025-10-19 20:17:49,904 - INFO - 输入关键词: 心率检测
2025-10-19 20:17:52,914 - INFO - 截图成功: screenshots/2025-10-19/思迈特/douyin/心率检测_20251019_201752.png (1651706 bytes)
2025-10-19 20:17:52,928 - WARNING - 未找到联想词元素
2025-10-19 20:17:52,928 - WARNING - 未找到联想词，使用备用数据
2025-10-19 20:17:52,928 - INFO - 为关键词 心率检测 生成备用数据
2025-10-19 20:17:53,930 - INFO - 开始处理关键词: 运动健康 (客户: 思迈特)
2025-10-19 20:17:53,939 - INFO - 找到搜索框: input[data-e2e="searchbar-input"]
2025-10-19 20:17:54,513 - INFO - 输入关键词: 运动健康
2025-10-19 20:17:57,515 - INFO - 截图成功: screenshots/2025-10-19/思迈特/douyin/运动健康_20251019_201756.png (1626074 bytes)
2025-10-19 20:17:57,527 - WARNING - 未找到联想词元素
2025-10-19 20:17:57,527 - WARNING - 未找到联想词，使用备用数据
2025-10-19 20:17:57,527 - INFO - 为关键词 运动健康 生成备用数据
2025-10-19 20:17:58,529 - INFO - 开始处理关键词: 营养搭配 (客户: 思迈特)
2025-10-19 20:17:58,552 - INFO - 找到搜索框: input[data-e2e="searchbar-input"]
2025-10-19 20:17:59,119 - INFO - 输入关键词: 营养搭配
2025-10-19 20:18:02,134 - INFO - 截图成功: screenshots/2025-10-19/思迈特/douyin/营养搭配_20251019_201801.png (1586548 bytes)
2025-10-19 20:18:02,147 - WARNING - 未找到联想词元素
2025-10-19 20:18:02,147 - WARNING - 未找到联想词，使用备用数据
2025-10-19 20:18:02,147 - INFO - 为关键词 营养搭配 生成备用数据
2025-10-19 20:18:03,151 - INFO - 开始处理关键词: 睡眠质量 (客户: 思迈特)
2025-10-19 20:18:03,166 - INFO - 找到搜索框: input[data-e2e="searchbar-input"]
2025-10-19 20:18:03,710 - INFO - 输入关键词: 睡眠质量
2025-10-19 20:18:06,820 - INFO - 截图成功: screenshots/2025-10-19/思迈特/douyin/睡眠质量_20251019_201806.png (1984495 bytes)
2025-10-19 20:18:06,832 - WARNING - 未找到联想词元素
2025-10-19 20:18:06,833 - WARNING - 未找到联想词，使用备用数据
2025-10-19 20:18:06,833 - INFO - 为关键词 睡眠质量 生成备用数据
2025-10-19 20:18:07,834 - INFO - 开始处理关键词: 减肥方法 (客户: 思迈特)
2025-10-19 20:18:07,842 - INFO - 找到搜索框: input[data-e2e="searchbar-input"]
2025-10-19 20:18:08,400 - INFO - 输入关键词: 减肥方法
2025-10-19 20:18:11,524 - INFO - 截图成功: screenshots/2025-10-19/思迈特/douyin/减肥方法_20251019_201810.png (1994269 bytes)
2025-10-19 20:18:11,551 - WARNING - 未找到联想词元素
2025-10-19 20:18:11,551 - WARNING - 未找到联想词，使用备用数据
2025-10-19 20:18:11,551 - INFO - 为关键词 减肥方法 生成备用数据
2025-10-19 20:18:12,552 - INFO - 开始处理关键词: 养生保健 (客户: 思迈特)
2025-10-19 20:18:12,558 - INFO - 找到搜索框: input[data-e2e="searchbar-input"]
2025-10-19 20:18:13,112 - INFO - 输入关键词: 养生保健
2025-10-19 20:18:16,230 - INFO - 截图成功: screenshots/2025-10-19/思迈特/douyin/养生保健_20251019_201815.png (1911919 bytes)
2025-10-19 20:18:16,245 - WARNING - 未找到联想词元素
2025-10-19 20:18:16,245 - WARNING - 未找到联想词，使用备用数据
2025-10-19 20:18:16,246 - INFO - 为关键词 养生保健 生成备用数据
2025-10-19 20:18:17,257 - INFO - 结果已保存: data/output/2025-10-19/思迈特_douyin.csv (30 条)
2025-10-19 20:18:17,257 - INFO - 客户 思迈特 处理完成，保存到: data/output/2025-10-19/思迈特_douyin.csv
2025-10-19 20:18:17,257 - INFO - 开始处理客户: 永洪 (10 个关键词)
2025-10-19 20:18:17,258 - INFO - 开始处理关键词: 老人肺部护理 (客户: 永洪)
2025-10-19 20:18:17,262 - INFO - 找到搜索框: input[data-e2e="searchbar-input"]
2025-10-19 20:18:17,854 - INFO - 输入关键词: 老人肺部护理
2025-10-19 20:18:21,164 - INFO - 截图成功: screenshots/2025-10-19/永洪/douyin/老人肺部护理_20251019_201820.png (1876308 bytes)
2025-10-19 20:18:21,183 - WARNING - 未找到联想词元素
2025-10-19 20:18:21,183 - WARNING - 未找到联想词，使用备用数据
2025-10-19 20:18:21,183 - INFO - 为关键词 老人肺部护理 生成备用数据
2025-10-19 20:18:22,185 - INFO - 开始处理关键词: 数据分析 (客户: 永洪)
2025-10-19 20:18:22,212 - INFO - 找到搜索框: input[data-e2e="searchbar-input"]
2025-10-19 20:18:22,777 - INFO - 输入关键词: 数据分析
2025-10-19 20:18:26,036 - INFO - 截图成功: screenshots/2025-10-19/永洪/douyin/数据分析_20251019_201825.png (2518822 bytes)
2025-10-19 20:18:26,048 - WARNING - 未找到联想词元素
2025-10-19 20:18:26,048 - WARNING - 未找到联想词，使用备用数据
2025-10-19 20:18:26,048 - INFO - 为关键词 数据分析 生成备用数据
2025-10-19 20:18:27,050 - INFO - 开始处理关键词: 商业智能 (客户: 永洪)
2025-10-19 20:18:27,056 - INFO - 找到搜索框: input[data-e2e="searchbar-input"]
2025-10-19 20:18:27,619 - INFO - 输入关键词: 商业智能
2025-10-19 20:18:31,030 - INFO - 截图成功: screenshots/2025-10-19/永洪/douyin/商业智能_20251019_201830.png (2590009 bytes)
2025-10-19 20:18:31,052 - WARNING - 未找到联想词元素
2025-10-19 20:18:31,052 - WARNING - 未找到联想词，使用备用数据
2025-10-19 20:18:31,052 - INFO - 为关键词 商业智能 生成备用数据
2025-10-19 20:18:32,054 - INFO - 开始处理关键词: 报表制作 (客户: 永洪)
2025-10-19 20:18:32,093 - INFO - 找到搜索框: input[data-e2e="searchbar-input"]
2025-10-19 20:18:32,687 - INFO - 输入关键词: 报表制作
2025-10-19 20:18:35,937 - INFO - 截图成功: screenshots/2025-10-19/永洪/douyin/报表制作_20251019_201835.png (2296118 bytes)
2025-10-19 20:18:35,954 - WARNING - 未找到联想词元素
2025-10-19 20:18:35,954 - WARNING - 未找到联想词，使用备用数据
2025-10-19 20:18:35,954 - INFO - 为关键词 报表制作 生成备用数据
2025-10-19 20:18:36,955 - INFO - 开始处理关键词: 数据可视化 (客户: 永洪)
2025-10-19 20:18:36,969 - INFO - 找到搜索框: input[data-e2e="searchbar-input"]
2025-10-19 20:18:37,527 - INFO - 输入关键词: 数据可视化
2025-10-19 20:18:40,707 - INFO - 截图成功: screenshots/2025-10-19/永洪/douyin/数据可视化_20251019_201840.png (1910493 bytes)
2025-10-19 20:18:40,717 - WARNING - 未找到联想词元素
2025-10-19 20:18:40,717 - WARNING - 未找到联想词，使用备用数据
2025-10-19 20:18:40,717 - INFO - 为关键词 数据可视化 生成备用数据
2025-10-19 20:18:41,718 - INFO - 开始处理关键词: 企业管理 (客户: 永洪)
2025-10-19 20:18:41,726 - INFO - 找到搜索框: input[data-e2e="searchbar-input"]
2025-10-19 20:18:42,276 - INFO - 输入关键词: 企业管理
2025-10-19 20:18:45,325 - INFO - 截图成功: screenshots/2025-10-19/永洪/douyin/企业管理_20251019_201844.png (1780328 bytes)
2025-10-19 20:18:45,350 - WARNING - 未找到联想词元素
2025-10-19 20:18:45,350 - WARNING - 未找到联想词，使用备用数据
2025-10-19 20:18:45,351 - INFO - 为关键词 企业管理 生成备用数据
2025-10-19 20:18:46,352 - INFO - 开始处理关键词: 财务分析 (客户: 永洪)
2025-10-19 20:18:46,359 - INFO - 找到搜索框: input[data-e2e="searchbar-input"]
2025-10-19 20:18:46,912 - INFO - 输入关键词: 财务分析
2025-10-19 20:18:50,090 - INFO - 截图成功: screenshots/2025-10-19/永洪/douyin/财务分析_20251019_201849.png (1859845 bytes)
2025-10-19 20:18:50,105 - WARNING - 未找到联想词元素
2025-10-19 20:18:50,106 - WARNING - 未找到联想词，使用备用数据
2025-10-19 20:18:50,106 - INFO - 为关键词 财务分析 生成备用数据
2025-10-19 20:18:51,108 - INFO - 开始处理关键词: 销售统计 (客户: 永洪)
2025-10-19 20:18:51,116 - INFO - 找到搜索框: input[data-e2e="searchbar-input"]
2025-10-19 20:18:51,676 - INFO - 输入关键词: 销售统计
2025-10-19 20:18:54,719 - INFO - 截图成功: screenshots/2025-10-19/永洪/douyin/销售统计_20251019_201854.png (1787700 bytes)
2025-10-19 20:18:54,730 - WARNING - 未找到联想词元素
2025-10-19 20:18:54,731 - WARNING - 未找到联想词，使用备用数据
2025-10-19 20:18:54,731 - INFO - 为关键词 销售统计 生成备用数据
2025-10-19 20:18:55,732 - INFO - 开始处理关键词: 客户管理 (客户: 永洪)
2025-10-19 20:18:55,768 - INFO - 找到搜索框: input[data-e2e="searchbar-input"]
2025-10-19 20:18:56,333 - INFO - 输入关键词: 客户管理
2025-10-19 20:18:59,388 - INFO - 截图成功: screenshots/2025-10-19/永洪/douyin/客户管理_20251019_201858.png (1644904 bytes)
2025-10-19 20:18:59,407 - WARNING - 未找到联想词元素
2025-10-19 20:18:59,407 - WARNING - 未找到联想词，使用备用数据
2025-10-19 20:18:59,407 - INFO - 为关键词 客户管理 生成备用数据
2025-10-19 20:19:00,409 - INFO - 开始处理关键词: 业务流程 (客户: 永洪)
2025-10-19 20:19:00,416 - INFO - 找到搜索框: input[data-e2e="searchbar-input"]
2025-10-19 20:19:00,966 - INFO - 输入关键词: 业务流程
2025-10-19 20:19:04,220 - INFO - 截图成功: screenshots/2025-10-19/永洪/douyin/业务流程_20251019_201903.png (1772773 bytes)
2025-10-19 20:19:04,242 - WARNING - 未找到联想词元素
2025-10-19 20:19:04,242 - WARNING - 未找到联想词，使用备用数据
2025-10-19 20:19:04,242 - INFO - 为关键词 业务流程 生成备用数据
2025-10-19 20:19:05,248 - INFO - 结果已保存: data/output/2025-10-19/永洪_douyin.csv (30 条)
2025-10-19 20:19:05,248 - INFO - 客户 永洪 处理完成，保存到: data/output/2025-10-19/永洪_douyin.csv
2025-10-19 20:19:05,249 - INFO - 断开浏览器连接
2025-10-19 20:21:28,187 - INFO - 成功连接到Chrome浏览器 (端口: 9222)
2025-10-19 20:21:28,197 - INFO - 使用现有页面
2025-10-19 20:21:28,206 - INFO - 当前页面URL: https://www.douyin.com/?recommend=1
2025-10-19 20:21:28,206 - INFO - 已在抖音网站，无需导航
2025-10-19 20:21:28,542 - INFO - 用户确认页面准备就绪，开始抓取
2025-10-19 20:21:28,543 - INFO - 从 data/input/keywords.csv 加载了 20 个关键词
2025-10-19 20:21:28,543 - INFO - 开始处理关键词...
2025-10-19 20:21:28,543 - INFO - 开始处理客户: 思迈特 (10 个关键词)
2025-10-19 20:21:28,543 - INFO - 开始处理关键词: 体检套餐 (客户: 思迈特)
2025-10-19 20:21:28,573 - INFO - 找到搜索框: input[data-e2e="searchbar-input"]
2025-10-19 20:21:29,669 - INFO - 输入关键词: 体检套餐
2025-10-19 20:21:30,117 - INFO - 实际输入内容: 体检套餐
2025-10-19 20:21:32,715 - INFO - 截图成功: screenshots/2025-10-19/思迈特/douyin/体检套餐_20251019_202132.png (1853797 bytes)
2025-10-19 20:21:32,732 - WARNING - 未找到联想词元素
2025-10-19 20:21:32,733 - WARNING - 未找到联想词，使用备用数据
2025-10-19 20:21:32,733 - INFO - 为关键词 体检套餐 生成备用数据
2025-10-19 20:21:33,774 - INFO - 开始处理关键词: 糖尿病饮食 (客户: 思迈特)
2025-10-19 20:21:33,840 - INFO - 找到搜索框: input[data-e2e="searchbar-input"]
2025-10-19 20:21:35,015 - INFO - 输入关键词: 糖尿病饮食
2025-10-19 20:21:35,567 - INFO - 实际输入内容: 糖尿病饮食
2025-10-19 20:21:38,200 - INFO - 截图成功: screenshots/2025-10-19/思迈特/douyin/糖尿病饮食_20251019_202137.png (1778437 bytes)
2025-10-19 20:21:38,244 - WARNING - 未找到联想词元素
2025-10-19 20:21:38,244 - WARNING - 未找到联想词，使用备用数据
2025-10-19 20:21:38,244 - INFO - 为关键词 糖尿病饮食 生成备用数据
2025-10-19 20:21:39,248 - INFO - 开始处理关键词: 健康管理 (客户: 思迈特)
2025-10-19 20:21:39,256 - INFO - 找到搜索框: input[data-e2e="searchbar-input"]
2025-10-19 20:21:40,370 - INFO - 输入关键词: 健康管理
2025-10-19 20:21:40,815 - INFO - 实际输入内容: 健康管理
2025-10-19 20:21:43,424 - INFO - 截图成功: screenshots/2025-10-19/思迈特/douyin/健康管理_20251019_202142.png (1791291 bytes)
2025-10-19 20:21:43,434 - WARNING - 未找到联想词元素
2025-10-19 20:21:43,434 - WARNING - 未找到联想词，使用备用数据
2025-10-19 20:21:43,435 - INFO - 为关键词 健康管理 生成备用数据
2025-10-19 20:21:44,437 - INFO - 开始处理关键词: 血压监测 (客户: 思迈特)
2025-10-19 20:21:44,443 - INFO - 找到搜索框: input[data-e2e="searchbar-input"]
2025-10-19 20:21:45,516 - INFO - 输入关键词: 血压监测
2025-10-19 20:21:45,961 - INFO - 实际输入内容: 血压监测
2025-10-19 20:21:48,518 - INFO - 截图成功: screenshots/2025-10-19/思迈特/douyin/血压监测_20251019_202147.png (1569026 bytes)
2025-10-19 20:21:48,530 - WARNING - 未找到联想词元素
2025-10-19 20:21:48,530 - WARNING - 未找到联想词，使用备用数据
2025-10-19 20:21:48,530 - INFO - 为关键词 血压监测 生成备用数据
2025-10-19 20:21:49,532 - INFO - 开始处理关键词: 心率检测 (客户: 思迈特)
2025-10-19 20:21:49,539 - INFO - 找到搜索框: input[data-e2e="searchbar-input"]
2025-10-19 20:21:50,601 - INFO - 输入关键词: 心率检测
2025-10-19 20:21:51,039 - INFO - 实际输入内容: 心率检测
2025-10-19 20:21:53,847 - INFO - 截图成功: screenshots/2025-10-19/思迈特/douyin/心率检测_20251019_202153.png (2087330 bytes)
2025-10-19 20:21:53,904 - WARNING - 未找到联想词元素
2025-10-19 20:21:53,905 - WARNING - 未找到联想词，使用备用数据
2025-10-19 20:21:53,905 - INFO - 为关键词 心率检测 生成备用数据
2025-10-19 20:21:54,907 - INFO - 开始处理关键词: 运动健康 (客户: 思迈特)
2025-10-19 20:21:54,916 - INFO - 找到搜索框: input[data-e2e="searchbar-input"]
2025-10-19 20:21:55,991 - INFO - 输入关键词: 运动健康
2025-10-19 20:21:56,429 - INFO - 实际输入内容: 运动健康
2025-10-19 20:21:59,008 - INFO - 截图成功: screenshots/2025-10-19/思迈特/douyin/运动健康_20251019_202158.png (1599397 bytes)
2025-10-19 20:21:59,018 - WARNING - 未找到联想词元素
2025-10-19 20:21:59,018 - WARNING - 未找到联想词，使用备用数据
2025-10-19 20:21:59,018 - INFO - 为关键词 运动健康 生成备用数据
2025-10-19 20:22:00,020 - INFO - 开始处理关键词: 营养搭配 (客户: 思迈特)
2025-10-19 20:22:00,028 - INFO - 找到搜索框: input[data-e2e="searchbar-input"]
2025-10-19 20:22:01,088 - INFO - 输入关键词: 营养搭配
2025-10-19 20:22:01,536 - INFO - 实际输入内容: 营养搭配
2025-10-19 20:22:04,154 - INFO - 截图成功: screenshots/2025-10-19/思迈特/douyin/营养搭配_20251019_202203.png (1826646 bytes)
2025-10-19 20:22:04,164 - WARNING - 未找到联想词元素
2025-10-19 20:22:04,164 - WARNING - 未找到联想词，使用备用数据
2025-10-19 20:22:04,164 - INFO - 为关键词 营养搭配 生成备用数据
2025-10-19 20:22:05,166 - INFO - 开始处理关键词: 睡眠质量 (客户: 思迈特)
2025-10-19 20:22:05,174 - INFO - 找到搜索框: input[data-e2e="searchbar-input"]
2025-10-19 20:22:06,244 - INFO - 输入关键词: 睡眠质量
2025-10-19 20:22:06,701 - INFO - 实际输入内容: 睡眠质量
2025-10-19 20:22:09,355 - INFO - 截图成功: screenshots/2025-10-19/思迈特/douyin/睡眠质量_20251019_202208.png (1878763 bytes)
2025-10-19 20:22:09,369 - WARNING - 未找到联想词元素
2025-10-19 20:22:09,369 - WARNING - 未找到联想词，使用备用数据
2025-10-19 20:22:09,369 - INFO - 为关键词 睡眠质量 生成备用数据
2025-10-19 20:22:10,370 - INFO - 开始处理关键词: 减肥方法 (客户: 思迈特)
2025-10-19 20:22:10,377 - INFO - 找到搜索框: input[data-e2e="searchbar-input"]
2025-10-19 20:22:11,445 - INFO - 输入关键词: 减肥方法
2025-10-19 20:22:11,881 - INFO - 实际输入内容: 减肥方法
2025-10-19 20:22:14,500 - INFO - 截图成功: screenshots/2025-10-19/思迈特/douyin/减肥方法_20251019_202213.png (1803686 bytes)
2025-10-19 20:22:14,510 - WARNING - 未找到联想词元素
2025-10-19 20:22:14,510 - WARNING - 未找到联想词，使用备用数据
2025-10-19 20:22:14,511 - INFO - 为关键词 减肥方法 生成备用数据
2025-10-19 20:22:15,511 - INFO - 开始处理关键词: 养生保健 (客户: 思迈特)
2025-10-19 20:22:15,516 - INFO - 找到搜索框: input[data-e2e="searchbar-input"]
2025-10-19 20:22:16,575 - INFO - 输入关键词: 养生保健
2025-10-19 20:22:17,008 - INFO - 实际输入内容: 养生保健
2025-10-19 20:22:19,618 - INFO - 截图成功: screenshots/2025-10-19/思迈特/douyin/养生保健_20251019_202219.png (1698143 bytes)
2025-10-19 20:22:19,632 - WARNING - 未找到联想词元素
2025-10-19 20:22:19,632 - WARNING - 未找到联想词，使用备用数据
2025-10-19 20:22:19,632 - INFO - 为关键词 养生保健 生成备用数据
2025-10-19 20:22:20,645 - INFO - 结果已保存: data/output/2025-10-19/思迈特_douyin.csv (30 条)
2025-10-19 20:22:20,645 - INFO - 客户 思迈特 处理完成，保存到: data/output/2025-10-19/思迈特_douyin.csv
2025-10-19 20:22:20,645 - INFO - 开始处理客户: 永洪 (10 个关键词)
2025-10-19 20:22:20,645 - INFO - 开始处理关键词: 老人肺部护理 (客户: 永洪)
2025-10-19 20:22:20,651 - INFO - 找到搜索框: input[data-e2e="searchbar-input"]
2025-10-19 20:22:21,721 - INFO - 输入关键词: 老人肺部护理
2025-10-19 20:22:22,376 - INFO - 实际输入内容: 老人肺部护理
2025-10-19 20:22:25,120 - INFO - 截图成功: screenshots/2025-10-19/永洪/douyin/老人肺部护理_20251019_202224.png (2014652 bytes)
2025-10-19 20:22:25,140 - WARNING - 未找到联想词元素
2025-10-19 20:22:25,140 - WARNING - 未找到联想词，使用备用数据
2025-10-19 20:22:25,140 - INFO - 为关键词 老人肺部护理 生成备用数据
2025-10-19 20:22:26,142 - INFO - 开始处理关键词: 数据分析 (客户: 永洪)
2025-10-19 20:22:26,148 - INFO - 找到搜索框: input[data-e2e="searchbar-input"]
2025-10-19 20:22:27,227 - INFO - 输入关键词: 数据分析
2025-10-19 20:22:27,661 - INFO - 实际输入内容: 数据分析
2025-10-19 20:22:30,452 - INFO - 截图成功: screenshots/2025-10-19/永洪/douyin/数据分析_20251019_202229.png (2336683 bytes)
2025-10-19 20:22:30,462 - WARNING - 未找到联想词元素
2025-10-19 20:22:30,462 - WARNING - 未找到联想词，使用备用数据
2025-10-19 20:22:30,462 - INFO - 为关键词 数据分析 生成备用数据
2025-10-19 20:22:31,464 - INFO - 开始处理关键词: 商业智能 (客户: 永洪)
2025-10-19 20:22:31,470 - INFO - 找到搜索框: input[data-e2e="searchbar-input"]
2025-10-19 20:22:32,564 - INFO - 输入关键词: 商业智能
2025-10-19 20:22:33,031 - INFO - 实际输入内容: 商业智能
2025-10-19 20:22:35,778 - INFO - 截图成功: screenshots/2025-10-19/永洪/douyin/商业智能_20251019_202235.png (2332221 bytes)
2025-10-19 20:22:35,788 - WARNING - 未找到联想词元素
2025-10-19 20:22:35,788 - WARNING - 未找到联想词，使用备用数据
2025-10-19 20:22:35,788 - INFO - 为关键词 商业智能 生成备用数据
2025-10-19 20:22:36,789 - INFO - 开始处理关键词: 报表制作 (客户: 永洪)
2025-10-19 20:22:36,797 - INFO - 找到搜索框: input[data-e2e="searchbar-input"]
2025-10-19 20:22:37,898 - INFO - 输入关键词: 报表制作
2025-10-19 20:22:38,347 - INFO - 实际输入内容: 报表制作
2025-10-19 20:22:41,049 - INFO - 截图成功: screenshots/2025-10-19/永洪/douyin/报表制作_20251019_202240.png (1845608 bytes)
2025-10-19 20:22:41,063 - WARNING - 未找到联想词元素
2025-10-19 20:22:41,063 - WARNING - 未找到联想词，使用备用数据
2025-10-19 20:22:41,063 - INFO - 为关键词 报表制作 生成备用数据
2025-10-19 20:22:42,064 - INFO - 开始处理关键词: 数据可视化 (客户: 永洪)
2025-10-19 20:22:42,071 - INFO - 找到搜索框: input[data-e2e="searchbar-input"]
2025-10-19 20:22:43,149 - INFO - 输入关键词: 数据可视化
2025-10-19 20:22:43,695 - INFO - 实际输入内容: 数据可视化
2025-10-19 20:22:46,418 - INFO - 截图成功: screenshots/2025-10-19/永洪/douyin/数据可视化_20251019_202245.png (1934811 bytes)
2025-10-19 20:22:46,429 - WARNING - 未找到联想词元素
2025-10-19 20:22:46,429 - WARNING - 未找到联想词，使用备用数据
2025-10-19 20:22:46,429 - INFO - 为关键词 数据可视化 生成备用数据
2025-10-19 20:22:47,430 - INFO - 开始处理关键词: 企业管理 (客户: 永洪)
2025-10-19 20:22:47,443 - INFO - 找到搜索框: input[data-e2e="searchbar-input"]
2025-10-19 20:22:48,568 - INFO - 输入关键词: 企业管理
2025-10-19 20:22:49,005 - INFO - 实际输入内容: 企业管理
2025-10-19 20:22:51,820 - INFO - 截图成功: screenshots/2025-10-19/永洪/douyin/企业管理_20251019_202251.png (1928330 bytes)
2025-10-19 20:22:51,866 - WARNING - 未找到联想词元素
2025-10-19 20:22:51,866 - WARNING - 未找到联想词，使用备用数据
2025-10-19 20:22:51,866 - INFO - 为关键词 企业管理 生成备用数据
2025-10-19 20:22:52,871 - INFO - 开始处理关键词: 财务分析 (客户: 永洪)
2025-10-19 20:22:52,878 - INFO - 找到搜索框: input[data-e2e="searchbar-input"]
2025-10-19 20:22:53,947 - INFO - 输入关键词: 财务分析
2025-10-19 20:22:54,386 - INFO - 实际输入内容: 财务分析
2025-10-19 20:22:57,159 - INFO - 截图成功: screenshots/2025-10-19/永洪/douyin/财务分析_20251019_202256.png (2303397 bytes)
2025-10-19 20:22:57,185 - WARNING - 未找到联想词元素
2025-10-19 20:22:57,185 - WARNING - 未找到联想词，使用备用数据
2025-10-19 20:22:57,186 - INFO - 为关键词 财务分析 生成备用数据
2025-10-19 20:22:58,187 - INFO - 开始处理关键词: 销售统计 (客户: 永洪)
2025-10-19 20:22:58,194 - INFO - 找到搜索框: input[data-e2e="searchbar-input"]
2025-10-19 20:22:59,272 - INFO - 输入关键词: 销售统计
2025-10-19 20:22:59,712 - INFO - 实际输入内容: 销售统计
2025-10-19 20:23:02,304 - INFO - 截图成功: screenshots/2025-10-19/永洪/douyin/销售统计_20251019_202301.png (1752093 bytes)
2025-10-19 20:23:02,317 - WARNING - 未找到联想词元素
2025-10-19 20:23:02,317 - WARNING - 未找到联想词，使用备用数据
2025-10-19 20:23:02,317 - INFO - 为关键词 销售统计 生成备用数据
2025-10-19 20:23:03,319 - INFO - 开始处理关键词: 客户管理 (客户: 永洪)
2025-10-19 20:23:03,326 - INFO - 找到搜索框: input[data-e2e="searchbar-input"]
2025-10-19 20:23:04,399 - INFO - 输入关键词: 客户管理
2025-10-19 20:23:04,874 - INFO - 实际输入内容: 客户管理
2025-10-19 20:23:07,654 - INFO - 截图成功: screenshots/2025-10-19/永洪/douyin/客户管理_20251019_202306.png (1918493 bytes)
2025-10-19 20:23:07,671 - WARNING - 未找到联想词元素
2025-10-19 20:23:07,671 - WARNING - 未找到联想词，使用备用数据
2025-10-19 20:23:07,671 - INFO - 为关键词 客户管理 生成备用数据
2025-10-19 20:23:08,672 - INFO - 开始处理关键词: 业务流程 (客户: 永洪)
2025-10-19 20:23:08,681 - INFO - 找到搜索框: input[data-e2e="searchbar-input"]
2025-10-19 20:23:09,763 - INFO - 输入关键词: 业务流程
2025-10-19 20:23:10,233 - INFO - 实际输入内容: 业务流程
2025-10-19 20:23:12,986 - INFO - 截图成功: screenshots/2025-10-19/永洪/douyin/业务流程_20251019_202312.png (2196276 bytes)
2025-10-19 20:23:13,005 - WARNING - 未找到联想词元素
2025-10-19 20:23:13,005 - WARNING - 未找到联想词，使用备用数据
2025-10-19 20:23:13,005 - INFO - 为关键词 业务流程 生成备用数据
2025-10-19 20:23:14,012 - INFO - 结果已保存: data/output/2025-10-19/永洪_douyin.csv (30 条)
2025-10-19 20:23:14,012 - INFO - 客户 永洪 处理完成，保存到: data/output/2025-10-19/永洪_douyin.csv
2025-10-19 20:23:14,012 - INFO - 断开浏览器连接
2025-10-19 20:25:07,003 - INFO - 成功连接到Chrome浏览器 (端口: 9222)
2025-10-19 20:25:07,004 - INFO - 使用现有页面
2025-10-19 20:25:07,004 - INFO - 当前页面URL: https://www.douyin.com/?recommend=1
2025-10-19 20:25:07,004 - INFO - 已在抖音网站，无需导航
2025-10-19 20:25:07,573 - INFO - 用户确认页面准备就绪，开始抓取
2025-10-19 20:25:07,575 - INFO - 从 data/input/keywords.csv 加载了 20 个关键词
2025-10-19 20:25:07,575 - INFO - 开始处理关键词...
2025-10-19 20:25:07,575 - INFO - 开始处理客户: 思迈特 (10 个关键词)
2025-10-19 20:25:07,575 - INFO - 开始处理关键词: 体检套餐 (客户: 思迈特)
2025-10-19 20:25:07,611 - INFO - 找到搜索框: input[data-e2e="searchbar-input"]
2025-10-19 20:25:08,695 - INFO - 输入关键词: 体检套餐
2025-10-19 20:25:09,151 - INFO - 实际输入内容: 体检套餐
2025-10-19 20:25:11,649 - INFO - 截图成功: screenshots/2025-10-19/思迈特/douyin/体检套餐_20251019_202511.png (1451812 bytes)
2025-10-19 20:25:11,667 - WARNING - 未找到联想词元素
2025-10-19 20:25:11,667 - WARNING - 未找到联想词，使用备用数据
2025-10-19 20:25:11,667 - INFO - 为关键词 体检套餐 生成备用数据
2025-10-19 20:25:12,668 - INFO - 开始处理关键词: 糖尿病饮食 (客户: 思迈特)
2025-10-19 20:25:12,677 - INFO - 找到搜索框: input[data-e2e="searchbar-input"]
2025-10-19 20:25:13,760 - INFO - 输入关键词: 糖尿病饮食
2025-10-19 20:25:14,336 - INFO - 实际输入内容: 糖尿病饮食
2025-10-19 20:25:16,896 - INFO - 截图成功: screenshots/2025-10-19/思迈特/douyin/糖尿病饮食_20251019_202516.png (1658361 bytes)
2025-10-19 20:25:16,915 - WARNING - 未找到联想词元素
2025-10-19 20:25:16,915 - WARNING - 未找到联想词，使用备用数据
2025-10-19 20:25:16,915 - INFO - 为关键词 糖尿病饮食 生成备用数据
2025-10-19 20:25:17,917 - INFO - 开始处理关键词: 健康管理 (客户: 思迈特)
2025-10-19 20:25:17,930 - INFO - 找到搜索框: input[data-e2e="searchbar-input"]
2025-10-19 20:25:19,009 - INFO - 输入关键词: 健康管理
2025-10-19 20:25:19,446 - INFO - 实际输入内容: 健康管理
2025-10-19 20:25:22,047 - INFO - 截图成功: screenshots/2025-10-19/思迈特/douyin/健康管理_20251019_202521.png (1810262 bytes)
2025-10-19 20:25:22,061 - WARNING - 未找到联想词元素
2025-10-19 20:25:22,061 - WARNING - 未找到联想词，使用备用数据
2025-10-19 20:25:22,061 - INFO - 为关键词 健康管理 生成备用数据
2025-10-19 20:25:23,062 - INFO - 开始处理关键词: 血压监测 (客户: 思迈特)
2025-10-19 20:25:23,067 - INFO - 找到搜索框: input[data-e2e="searchbar-input"]
2025-10-19 20:25:24,154 - INFO - 输入关键词: 血压监测
2025-10-19 20:25:24,590 - INFO - 实际输入内容: 血压监测
2025-10-19 20:25:27,207 - INFO - 截图成功: screenshots/2025-10-19/思迈特/douyin/血压监测_20251019_202526.png (1841578 bytes)
2025-10-19 20:25:27,220 - WARNING - 未找到联想词元素
2025-10-19 20:25:27,221 - WARNING - 未找到联想词，使用备用数据
2025-10-19 20:25:27,221 - INFO - 为关键词 血压监测 生成备用数据
2025-10-19 20:25:28,222 - INFO - 开始处理关键词: 心率检测 (客户: 思迈特)
2025-10-19 20:25:28,234 - INFO - 找到搜索框: input[data-e2e="searchbar-input"]
2025-10-19 20:25:29,296 - INFO - 输入关键词: 心率检测
2025-10-19 20:25:29,745 - INFO - 实际输入内容: 心率检测
2025-10-19 20:25:32,373 - INFO - 截图成功: screenshots/2025-10-19/思迈特/douyin/心率检测_20251019_202531.png (1946781 bytes)
2025-10-19 20:25:32,384 - WARNING - 未找到联想词元素
2025-10-19 20:25:32,384 - WARNING - 未找到联想词，使用备用数据
2025-10-19 20:25:32,384 - INFO - 为关键词 心率检测 生成备用数据
2025-10-19 20:25:33,385 - INFO - 开始处理关键词: 运动健康 (客户: 思迈特)
2025-10-19 20:25:33,398 - INFO - 找到搜索框: input[data-e2e="searchbar-input"]
2025-10-19 20:25:34,482 - INFO - 输入关键词: 运动健康
2025-10-19 20:25:34,931 - INFO - 实际输入内容: 运动健康
2025-10-19 20:25:37,547 - INFO - 截图成功: screenshots/2025-10-19/思迈特/douyin/运动健康_20251019_202536.png (1887361 bytes)
2025-10-19 20:25:37,559 - WARNING - 未找到联想词元素
2025-10-19 20:25:37,560 - WARNING - 未找到联想词，使用备用数据
2025-10-19 20:25:37,560 - INFO - 为关键词 运动健康 生成备用数据
2025-10-19 20:25:38,561 - INFO - 开始处理关键词: 营养搭配 (客户: 思迈特)
2025-10-19 20:25:38,566 - INFO - 找到搜索框: input[data-e2e="searchbar-input"]
2025-10-19 20:25:39,642 - INFO - 输入关键词: 营养搭配
2025-10-19 20:25:40,089 - INFO - 实际输入内容: 营养搭配
2025-10-19 20:25:42,716 - INFO - 截图成功: screenshots/2025-10-19/思迈特/douyin/营养搭配_20251019_202542.png (1995210 bytes)
2025-10-19 20:25:42,726 - WARNING - 未找到联想词元素
2025-10-19 20:25:42,726 - WARNING - 未找到联想词，使用备用数据
2025-10-19 20:25:42,726 - INFO - 为关键词 营养搭配 生成备用数据
2025-10-19 20:25:43,728 - INFO - 开始处理关键词: 睡眠质量 (客户: 思迈特)
2025-10-19 20:25:43,738 - INFO - 找到搜索框: input[data-e2e="searchbar-input"]
2025-10-19 20:25:44,827 - INFO - 输入关键词: 睡眠质量
2025-10-19 20:25:45,280 - INFO - 实际输入内容: 睡眠质量
2025-10-19 20:25:47,833 - INFO - 截图成功: screenshots/2025-10-19/思迈特/douyin/睡眠质量_20251019_202547.png (1667067 bytes)
2025-10-19 20:25:47,842 - WARNING - 未找到联想词元素
2025-10-19 20:25:47,842 - WARNING - 未找到联想词，使用备用数据
2025-10-19 20:25:47,842 - INFO - 为关键词 睡眠质量 生成备用数据
2025-10-19 20:25:48,843 - INFO - 开始处理关键词: 减肥方法 (客户: 思迈特)
2025-10-19 20:25:48,852 - INFO - 找到搜索框: input[data-e2e="searchbar-input"]
2025-10-19 20:25:49,933 - INFO - 输入关键词: 减肥方法
2025-10-19 20:25:50,390 - INFO - 实际输入内容: 减肥方法
2025-10-19 20:25:52,972 - INFO - 截图成功: screenshots/2025-10-19/思迈特/douyin/减肥方法_20251019_202552.png (1866043 bytes)
2025-10-19 20:25:52,982 - WARNING - 未找到联想词元素
2025-10-19 20:25:52,982 - WARNING - 未找到联想词，使用备用数据
2025-10-19 20:25:52,982 - INFO - 为关键词 减肥方法 生成备用数据
2025-10-19 20:25:53,983 - INFO - 开始处理关键词: 养生保健 (客户: 思迈特)
2025-10-19 20:25:53,995 - INFO - 找到搜索框: input[data-e2e="searchbar-input"]
2025-10-19 20:25:55,118 - INFO - 输入关键词: 养生保健
2025-10-19 20:25:55,556 - INFO - 实际输入内容: 养生保健
2025-10-19 20:25:58,150 - INFO - 截图成功: screenshots/2025-10-19/思迈特/douyin/养生保健_20251019_202557.png (1849797 bytes)
2025-10-19 20:25:58,170 - WARNING - 未找到联想词元素
2025-10-19 20:25:58,170 - WARNING - 未找到联想词，使用备用数据
2025-10-19 20:25:58,170 - INFO - 为关键词 养生保健 生成备用数据
2025-10-19 20:25:59,196 - INFO - 结果已保存: data/output/2025-10-19/思迈特_douyin.csv (30 条)
2025-10-19 20:25:59,196 - INFO - 客户 思迈特 处理完成，保存到: data/output/2025-10-19/思迈特_douyin.csv
2025-10-19 20:25:59,196 - INFO - 开始处理客户: 永洪 (10 个关键词)
2025-10-19 20:25:59,196 - INFO - 开始处理关键词: 老人肺部护理 (客户: 永洪)
2025-10-19 20:25:59,203 - INFO - 找到搜索框: input[data-e2e="searchbar-input"]
2025-10-19 20:26:00,285 - INFO - 输入关键词: 老人肺部护理
2025-10-19 20:26:00,968 - INFO - 实际输入内容: 老人肺部护理
2025-10-19 20:26:03,587 - INFO - 截图成功: screenshots/2025-10-19/永洪/douyin/老人肺部护理_20251019_202602.png (1931851 bytes)
2025-10-19 20:26:03,596 - WARNING - 未找到联想词元素
2025-10-19 20:26:03,596 - WARNING - 未找到联想词，使用备用数据
2025-10-19 20:26:03,596 - INFO - 为关键词 老人肺部护理 生成备用数据
2025-10-19 20:26:04,597 - INFO - 开始处理关键词: 数据分析 (客户: 永洪)
2025-10-19 20:26:04,603 - INFO - 找到搜索框: input[data-e2e="searchbar-input"]
2025-10-19 20:26:05,685 - INFO - 输入关键词: 数据分析
2025-10-19 20:26:06,147 - INFO - 实际输入内容: 数据分析
2025-10-19 20:26:08,774 - INFO - 截图成功: screenshots/2025-10-19/永洪/douyin/数据分析_20251019_202608.png (1994619 bytes)
2025-10-19 20:26:08,782 - WARNING - 未找到联想词元素
2025-10-19 20:26:08,782 - WARNING - 未找到联想词，使用备用数据
2025-10-19 20:26:08,782 - INFO - 为关键词 数据分析 生成备用数据
2025-10-19 20:26:09,783 - INFO - 开始处理关键词: 商业智能 (客户: 永洪)
2025-10-19 20:26:09,796 - INFO - 找到搜索框: input[data-e2e="searchbar-input"]
2025-10-19 20:26:10,880 - INFO - 输入关键词: 商业智能
2025-10-19 20:26:11,346 - INFO - 实际输入内容: 商业智能
2025-10-19 20:26:13,963 - INFO - 截图成功: screenshots/2025-10-19/永洪/douyin/商业智能_20251019_202613.png (1948324 bytes)
2025-10-19 20:26:13,972 - WARNING - 未找到联想词元素
2025-10-19 20:26:13,972 - WARNING - 未找到联想词，使用备用数据
2025-10-19 20:26:13,972 - INFO - 为关键词 商业智能 生成备用数据
2025-10-19 20:26:14,974 - INFO - 开始处理关键词: 报表制作 (客户: 永洪)
2025-10-19 20:26:14,998 - INFO - 找到搜索框: input[data-e2e="searchbar-input"]
2025-10-19 20:26:16,070 - INFO - 输入关键词: 报表制作
2025-10-19 20:26:16,524 - INFO - 实际输入内容: 报表制作
2025-10-19 20:26:19,060 - INFO - 截图成功: screenshots/2025-10-19/永洪/douyin/报表制作_20251019_202618.png (1700657 bytes)
2025-10-19 20:26:19,071 - WARNING - 未找到联想词元素
2025-10-19 20:26:19,071 - WARNING - 未找到联想词，使用备用数据
2025-10-19 20:26:19,071 - INFO - 为关键词 报表制作 生成备用数据
2025-10-19 20:26:20,072 - INFO - 开始处理关键词: 数据可视化 (客户: 永洪)
2025-10-19 20:26:20,084 - INFO - 找到搜索框: input[data-e2e="searchbar-input"]
2025-10-19 20:26:21,183 - INFO - 输入关键词: 数据可视化
2025-10-19 20:26:21,753 - INFO - 实际输入内容: 数据可视化
2025-10-19 20:26:24,337 - INFO - 截图成功: screenshots/2025-10-19/永洪/douyin/数据可视化_20251019_202623.png (1987328 bytes)
2025-10-19 20:26:24,346 - WARNING - 未找到联想词元素
2025-10-19 20:26:24,347 - WARNING - 未找到联想词，使用备用数据
2025-10-19 20:26:24,347 - INFO - 为关键词 数据可视化 生成备用数据
2025-10-19 20:26:25,348 - INFO - 开始处理关键词: 企业管理 (客户: 永洪)
2025-10-19 20:26:25,363 - INFO - 找到搜索框: input[data-e2e="searchbar-input"]
2025-10-19 20:26:26,449 - INFO - 输入关键词: 企业管理
2025-10-19 20:26:26,889 - INFO - 实际输入内容: 企业管理
2025-10-19 20:26:29,418 - INFO - 截图成功: screenshots/2025-10-19/永洪/douyin/企业管理_20251019_202628.png (1640410 bytes)
2025-10-19 20:26:29,429 - WARNING - 未找到联想词元素
2025-10-19 20:26:29,429 - WARNING - 未找到联想词，使用备用数据
2025-10-19 20:26:29,429 - INFO - 为关键词 企业管理 生成备用数据
2025-10-19 20:26:30,430 - INFO - 开始处理关键词: 财务分析 (客户: 永洪)
2025-10-19 20:26:30,442 - INFO - 找到搜索框: input[data-e2e="searchbar-input"]
2025-10-19 20:26:31,536 - INFO - 输入关键词: 财务分析
2025-10-19 20:26:31,980 - INFO - 实际输入内容: 财务分析
2025-10-19 20:26:34,641 - INFO - 截图成功: screenshots/2025-10-19/永洪/douyin/财务分析_20251019_202633.png (2032919 bytes)
2025-10-19 20:26:34,655 - WARNING - 未找到联想词元素
2025-10-19 20:26:34,655 - WARNING - 未找到联想词，使用备用数据
2025-10-19 20:26:34,655 - INFO - 为关键词 财务分析 生成备用数据
2025-10-19 20:26:35,656 - INFO - 开始处理关键词: 销售统计 (客户: 永洪)
2025-10-19 20:26:35,670 - INFO - 找到搜索框: input[data-e2e="searchbar-input"]
2025-10-19 20:26:36,745 - INFO - 输入关键词: 销售统计
2025-10-19 20:26:37,195 - INFO - 实际输入内容: 销售统计
2025-10-19 20:26:39,831 - INFO - 截图成功: screenshots/2025-10-19/永洪/douyin/销售统计_20251019_202639.png (1901450 bytes)
2025-10-19 20:26:39,847 - WARNING - 未找到联想词元素
2025-10-19 20:26:39,847 - WARNING - 未找到联想词，使用备用数据
2025-10-19 20:26:39,848 - INFO - 为关键词 销售统计 生成备用数据
2025-10-19 20:26:40,849 - INFO - 开始处理关键词: 客户管理 (客户: 永洪)
2025-10-19 20:26:40,861 - INFO - 找到搜索框: input[data-e2e="searchbar-input"]
2025-10-19 20:26:41,939 - INFO - 输入关键词: 客户管理
2025-10-19 20:26:42,381 - INFO - 实际输入内容: 客户管理
2025-10-19 20:26:45,054 - INFO - 截图成功: screenshots/2025-10-19/永洪/douyin/客户管理_20251019_202644.png (2001767 bytes)
2025-10-19 20:26:45,066 - WARNING - 未找到联想词元素
2025-10-19 20:26:45,066 - WARNING - 未找到联想词，使用备用数据
2025-10-19 20:26:45,066 - INFO - 为关键词 客户管理 生成备用数据
2025-10-19 20:26:46,068 - INFO - 开始处理关键词: 业务流程 (客户: 永洪)
2025-10-19 20:26:46,079 - INFO - 找到搜索框: input[data-e2e="searchbar-input"]
2025-10-19 20:26:47,162 - INFO - 输入关键词: 业务流程
2025-10-19 20:26:47,622 - INFO - 实际输入内容: 业务流程
2025-10-19 20:26:50,214 - INFO - 截图成功: screenshots/2025-10-19/永洪/douyin/业务流程_20251019_202649.png (1754027 bytes)
2025-10-19 20:26:50,227 - WARNING - 未找到联想词元素
2025-10-19 20:26:50,227 - WARNING - 未找到联想词，使用备用数据
2025-10-19 20:26:50,227 - INFO - 为关键词 业务流程 生成备用数据
2025-10-19 20:26:51,235 - INFO - 结果已保存: data/output/2025-10-19/永洪_douyin.csv (30 条)
2025-10-19 20:26:51,235 - INFO - 客户 永洪 处理完成，保存到: data/output/2025-10-19/永洪_douyin.csv
2025-10-19 20:26:51,236 - INFO - 断开浏览器连接
2025-10-19 20:36:41,925 - INFO - 成功连接到Chrome浏览器 (端口: 9222)
2025-10-19 20:36:41,926 - INFO - 使用现有页面
2025-10-19 20:36:41,926 - INFO - 当前页面URL: https://www.douyin.com/?recommend=1
2025-10-19 20:36:41,926 - INFO - 已在抖音网站，无需导航
2025-10-19 20:36:42,585 - INFO - 用户确认页面准备就绪，开始抓取
2025-10-19 20:36:42,586 - INFO - 从 data/input/keywords_优贝.csv 加载了 5 个关键词
2025-10-19 20:36:42,586 - INFO - 开始处理关键词...
2025-10-19 20:36:42,586 - INFO - 开始处理客户: 优贝 (5 个关键词)
2025-10-19 20:36:42,586 - INFO - 开始处理关键词: 青少年自行车 (客户: 优贝)
2025-10-19 20:36:42,627 - INFO - 找到搜索框: input[data-e2e="searchbar-input"]
2025-10-19 20:36:43,699 - INFO - 输入关键词: 青少年自行车
2025-10-19 20:36:44,383 - INFO - 实际输入内容: 青少年自行车
2025-10-19 20:36:46,910 - INFO - 截图成功: screenshots/2025-10-19/优贝/douyin/青少年自行车_20251019_203646.png (1590554 bytes)
2025-10-19 20:36:46,924 - WARNING - 未找到联想词元素
2025-10-19 20:36:46,924 - WARNING - 未找到联想词，使用备用数据
2025-10-19 20:36:46,924 - INFO - 为关键词 青少年自行车 生成备用数据
2025-10-19 20:36:47,926 - INFO - 开始处理关键词: 8-14岁自行车 (客户: 优贝)
2025-10-19 20:36:47,937 - INFO - 找到搜索框: input[data-e2e="searchbar-input"]
2025-10-19 20:36:49,025 - INFO - 输入关键词: 8-14岁自行车
2025-10-19 20:36:49,931 - INFO - 实际输入内容: 8-14岁自行车
2025-10-19 20:36:52,506 - INFO - 截图成功: screenshots/2025-10-19/优贝/douyin/8-14岁自行车_20251019_203651.png (1781722 bytes)
2025-10-19 20:36:52,521 - WARNING - 未找到联想词元素
2025-10-19 20:36:52,521 - WARNING - 未找到联想词，使用备用数据
2025-10-19 20:36:52,521 - INFO - 为关键词 8-14岁自行车 生成备用数据
2025-10-19 20:36:53,522 - INFO - 开始处理关键词: 儿童自行车 (客户: 优贝)
2025-10-19 20:36:53,535 - INFO - 找到搜索框: input[data-e2e="searchbar-input"]
2025-10-19 20:36:54,606 - INFO - 输入关键词: 儿童自行车
2025-10-19 20:36:55,179 - INFO - 实际输入内容: 儿童自行车
2025-10-19 20:36:57,788 - INFO - 截图成功: screenshots/2025-10-19/优贝/douyin/儿童自行车_20251019_203657.png (1740257 bytes)
2025-10-19 20:36:57,811 - WARNING - 未找到联想词元素
2025-10-19 20:36:57,811 - WARNING - 未找到联想词，使用备用数据
2025-10-19 20:36:57,811 - INFO - 为关键词 儿童自行车 生成备用数据
2025-10-19 20:36:58,813 - INFO - 开始处理关键词: 儿童山地车 (客户: 优贝)
2025-10-19 20:36:58,823 - INFO - 找到搜索框: input[data-e2e="searchbar-input"]
2025-10-19 20:36:59,894 - INFO - 输入关键词: 儿童山地车
2025-10-19 20:37:00,467 - INFO - 实际输入内容: 儿童山地车
2025-10-19 20:37:03,152 - INFO - 截图成功: screenshots/2025-10-19/优贝/douyin/儿童山地车_20251019_203702.png (1946314 bytes)
2025-10-19 20:37:03,168 - WARNING - 未找到联想词元素
2025-10-19 20:37:03,168 - WARNING - 未找到联想词，使用备用数据
2025-10-19 20:37:03,168 - INFO - 为关键词 儿童山地车 生成备用数据
2025-10-19 20:37:04,170 - INFO - 开始处理关键词: 儿童平价自行车 (客户: 优贝)
2025-10-19 20:37:04,183 - INFO - 找到搜索框: input[data-e2e="searchbar-input"]
2025-10-19 20:37:05,259 - INFO - 输入关键词: 儿童平价自行车
2025-10-19 20:37:06,050 - INFO - 实际输入内容: 儿童平价自行车
2025-10-19 20:37:08,569 - INFO - 截图成功: screenshots/2025-10-19/优贝/douyin/儿童平价自行车_20251019_203708.png (1544615 bytes)
2025-10-19 20:37:08,584 - WARNING - 未找到联想词元素
2025-10-19 20:37:08,585 - WARNING - 未找到联想词，使用备用数据
2025-10-19 20:37:08,585 - INFO - 为关键词 儿童平价自行车 生成备用数据
2025-10-19 20:37:09,594 - INFO - 结果已保存: data/output/2025-10-19/优贝_douyin.csv (15 条)
2025-10-19 20:37:09,594 - INFO - 客户 优贝 处理完成，保存到: data/output/2025-10-19/优贝_douyin.csv
2025-10-19 20:37:09,594 - INFO - 断开浏览器连接
2025-10-22 14:22:37,894 - INFO - 成功连接到Chrome浏览器 (端口: 9222)
2025-10-22 14:22:37,895 - INFO - 使用现有页面
2025-10-22 14:22:37,896 - INFO - 当前页面URL: https://www.douyin.com/?recommend=1
2025-10-22 14:22:37,896 - INFO - 已在抖音网站，无需导航
2025-10-22 14:22:37,954 - INFO - 用户确认页面准备就绪，开始抓取
2025-10-22 14:22:37,954 - INFO - 从 data/input/keywords_职业生涯规划师培训.csv 加载了 21 个关键词
2025-10-22 14:22:37,954 - INFO - 开始处理关键词...
2025-10-22 14:22:37,954 - INFO - 开始处理客户: 抖音 (21 个关键词)
2025-10-22 14:22:37,954 - INFO - 开始处理关键词: 职业生涯规划师培训 (客户: 抖音)
2025-10-22 14:22:37,983 - INFO - 找到搜索框: input[data-e2e="searchbar-input"]
2025-10-22 14:22:39,099 - INFO - 输入关键词: 职业生涯规划师培训
2025-10-22 14:22:40,114 - INFO - 实际输入内容: 职业生涯规划师培训
2025-10-22 14:22:42,569 - INFO - 截图成功: screenshots/2025-10-22/抖音/douyin/职业生涯规划师培训_20251022_142242.png (1360801 bytes)
2025-10-22 14:22:42,582 - WARNING - 未找到联想词元素
2025-10-22 14:22:42,582 - WARNING - 未找到联想词，使用备用数据
2025-10-22 14:22:42,582 - INFO - 为关键词 职业生涯规划师培训 生成备用数据
2025-10-22 14:22:43,584 - INFO - 开始处理关键词: 职业生涯规划 (客户: 抖音)
2025-10-22 14:22:43,600 - INFO - 找到搜索框: input[data-e2e="searchbar-input"]
2025-10-22 14:22:44,689 - INFO - 输入关键词: 职业生涯规划
2025-10-22 14:22:45,369 - INFO - 实际输入内容: 职业生涯规划
2025-10-22 14:22:47,807 - INFO - 截图成功: screenshots/2025-10-22/抖音/douyin/职业生涯规划_20251022_142247.png (1232465 bytes)
2025-10-22 14:22:47,818 - WARNING - 未找到联想词元素
2025-10-22 14:22:47,818 - WARNING - 未找到联想词，使用备用数据
2025-10-22 14:22:47,818 - INFO - 为关键词 职业生涯规划 生成备用数据
2025-10-22 14:22:48,819 - INFO - 开始处理关键词: 职业规划师 (客户: 抖音)
2025-10-22 14:22:48,836 - INFO - 找到搜索框: input[data-e2e="searchbar-input"]
2025-10-22 14:22:49,945 - INFO - 输入关键词: 职业规划师
2025-10-22 14:22:50,517 - INFO - 实际输入内容: 职业规划师
2025-10-22 14:22:52,951 - INFO - 截图成功: screenshots/2025-10-22/抖音/douyin/职业规划师_20251022_142252.png (1222458 bytes)
2025-10-22 14:22:52,959 - WARNING - 未找到联想词元素
2025-10-22 14:22:52,959 - WARNING - 未找到联想词，使用备用数据
2025-10-22 14:22:52,959 - INFO - 为关键词 职业规划师 生成备用数据
2025-10-22 14:22:53,960 - INFO - 开始处理关键词: 生涯规划培训 (客户: 抖音)
2025-10-22 14:22:53,969 - INFO - 找到搜索框: input[data-e2e="searchbar-input"]
2025-10-22 14:22:55,060 - INFO - 输入关键词: 生涯规划培训
2025-10-22 14:22:55,740 - INFO - 实际输入内容: 生涯规划培训
2025-10-22 14:22:58,179 - INFO - 截图成功: screenshots/2025-10-22/抖音/douyin/生涯规划培训_20251022_142257.png (1121667 bytes)
2025-10-22 14:22:58,187 - WARNING - 未找到联想词元素
2025-10-22 14:22:58,187 - WARNING - 未找到联想词，使用备用数据
2025-10-22 14:22:58,187 - INFO - 为关键词 生涯规划培训 生成备用数据
2025-10-22 14:22:59,189 - INFO - 开始处理关键词: 职业咨询师 (客户: 抖音)
2025-10-22 14:22:59,195 - INFO - 找到搜索框: input[data-e2e="searchbar-input"]
2025-10-22 14:23:00,295 - INFO - 输入关键词: 职业咨询师
2025-10-22 14:23:00,867 - INFO - 实际输入内容: 职业咨询师
2025-10-22 14:23:03,192 - INFO - 截图成功: screenshots/2025-10-22/抖音/douyin/职业咨询师_20251022_142302.png (904779 bytes)
2025-10-22 14:23:03,202 - WARNING - 未找到联想词元素
2025-10-22 14:23:03,202 - WARNING - 未找到联想词，使用备用数据
2025-10-22 14:23:03,202 - INFO - 为关键词 职业咨询师 生成备用数据
2025-10-22 14:23:04,203 - INFO - 开始处理关键词: 职业发展指导 (客户: 抖音)
2025-10-22 14:23:04,217 - INFO - 找到搜索框: input[data-e2e="searchbar-input"]
2025-10-22 14:23:05,310 - INFO - 输入关键词: 职业发展指导
2025-10-22 14:23:05,973 - INFO - 实际输入内容: 职业发展指导
2025-10-22 14:23:08,387 - INFO - 截图成功: screenshots/2025-10-22/抖音/douyin/职业发展指导_20251022_142307.png (1173142 bytes)
2025-10-22 14:23:08,395 - WARNING - 未找到联想词元素
2025-10-22 14:23:08,395 - WARNING - 未找到联想词，使用备用数据
2025-10-22 14:23:08,395 - INFO - 为关键词 职业发展指导 生成备用数据
2025-10-22 14:23:09,396 - INFO - 开始处理关键词: 生涯教练 (客户: 抖音)
2025-10-22 14:23:09,405 - INFO - 找到搜索框: input[data-e2e="searchbar-input"]
2025-10-22 14:23:10,494 - INFO - 输入关键词: 生涯教练
2025-10-22 14:23:10,930 - INFO - 实际输入内容: 生涯教练
2025-10-22 14:23:13,373 - INFO - 截图成功: screenshots/2025-10-22/抖音/douyin/生涯教练_20251022_142312.png (1317606 bytes)
2025-10-22 14:23:13,382 - WARNING - 未找到联想词元素
2025-10-22 14:23:13,382 - WARNING - 未找到联想词，使用备用数据
2025-10-22 14:23:13,382 - INFO - 为关键词 生涯教练 生成备用数据
2025-10-22 14:23:14,385 - INFO - 开始处理关键词: 职业规划课程 (客户: 抖音)
2025-10-22 14:23:14,394 - INFO - 找到搜索框: input[data-e2e="searchbar-input"]
2025-10-22 14:23:15,478 - INFO - 输入关键词: 职业规划课程
2025-10-22 14:23:16,164 - INFO - 实际输入内容: 职业规划课程
2025-10-22 14:23:18,619 - INFO - 截图成功: screenshots/2025-10-22/抖音/douyin/职业规划课程_20251022_142318.png (1350439 bytes)
2025-10-22 14:23:18,627 - WARNING - 未找到联想词元素
2025-10-22 14:23:18,627 - WARNING - 未找到联想词，使用备用数据
2025-10-22 14:23:18,627 - INFO - 为关键词 职业规划课程 生成备用数据
2025-10-22 14:23:19,629 - INFO - 开始处理关键词: 职业测评 (客户: 抖音)
2025-10-22 14:23:19,647 - INFO - 找到搜索框: input[data-e2e="searchbar-input"]
2025-10-22 14:23:20,808 - INFO - 输入关键词: 职业测评
2025-10-22 14:23:21,253 - INFO - 实际输入内容: 职业测评
2025-10-22 14:23:23,695 - INFO - 截图成功: screenshots/2025-10-22/抖音/douyin/职业测评_20251022_142323.png (1253842 bytes)
2025-10-22 14:23:23,703 - WARNING - 未找到联想词元素
2025-10-22 14:23:23,703 - WARNING - 未找到联想词，使用备用数据
2025-10-22 14:23:23,703 - INFO - 为关键词 职业测评 生成备用数据
2025-10-22 14:23:24,704 - INFO - 开始处理关键词: 职场转型 (客户: 抖音)
2025-10-22 14:23:24,721 - INFO - 找到搜索框: input[data-e2e="searchbar-input"]
2025-10-22 14:23:25,818 - INFO - 输入关键词: 职场转型
2025-10-22 14:23:26,284 - INFO - 实际输入内容: 职场转型
2025-10-22 14:23:28,690 - INFO - 截图成功: screenshots/2025-10-22/抖音/douyin/职场转型_20251022_142328.png (1146433 bytes)
2025-10-22 14:23:28,698 - WARNING - 未找到联想词元素
2025-10-22 14:23:28,698 - WARNING - 未找到联想词，使用备用数据
2025-10-22 14:23:28,698 - INFO - 为关键词 职场转型 生成备用数据
2025-10-22 14:23:29,699 - INFO - 开始处理关键词: 职业定位 (客户: 抖音)
2025-10-22 14:23:29,706 - INFO - 找到搜索框: input[data-e2e="searchbar-input"]
2025-10-22 14:23:30,804 - INFO - 输入关键词: 职业定位
2025-10-22 14:23:31,259 - INFO - 实际输入内容: 职业定位
2025-10-22 14:23:33,664 - INFO - 截图成功: screenshots/2025-10-22/抖音/douyin/职业定位_20251022_142333.png (1164500 bytes)
2025-10-22 14:23:33,672 - WARNING - 未找到联想词元素
2025-10-22 14:23:33,673 - WARNING - 未找到联想词，使用备用数据
2025-10-22 14:23:33,673 - INFO - 为关键词 职业定位 生成备用数据
2025-10-22 14:23:34,674 - INFO - 开始处理关键词: 生涯发展 (客户: 抖音)
2025-10-22 14:23:34,688 - INFO - 找到搜索框: input[data-e2e="searchbar-input"]
2025-10-22 14:23:35,783 - INFO - 输入关键词: 生涯发展
2025-10-22 14:23:36,246 - INFO - 实际输入内容: 生涯发展
2025-10-22 14:23:38,683 - INFO - 截图成功: screenshots/2025-10-22/抖音/douyin/生涯发展_20251022_142338.png (1223523 bytes)
2025-10-22 14:23:38,691 - WARNING - 未找到联想词元素
2025-10-22 14:23:38,692 - WARNING - 未找到联想词，使用备用数据
2025-10-22 14:23:38,692 - INFO - 为关键词 生涯发展 生成备用数据
2025-10-22 14:23:39,693 - INFO - 开始处理关键词: 职业指导师 (客户: 抖音)
2025-10-22 14:23:39,706 - INFO - 找到搜索框: input[data-e2e="searchbar-input"]
2025-10-22 14:23:40,803 - INFO - 输入关键词: 职业指导师
2025-10-22 14:23:41,376 - INFO - 实际输入内容: 职业指导师
2025-10-22 14:23:43,844 - INFO - 截图成功: screenshots/2025-10-22/抖音/douyin/职业指导师_20251022_142343.png (1287832 bytes)
2025-10-22 14:23:43,852 - WARNING - 未找到联想词元素
2025-10-22 14:23:43,852 - WARNING - 未找到联想词，使用备用数据
2025-10-22 14:23:43,852 - INFO - 为关键词 职业指导师 生成备用数据
2025-10-22 14:23:44,853 - INFO - 开始处理关键词: 职业规划方法 (客户: 抖音)
2025-10-22 14:23:44,870 - INFO - 找到搜索框: input[data-e2e="searchbar-input"]
2025-10-22 14:23:45,963 - INFO - 输入关键词: 职业规划方法
2025-10-22 14:23:46,659 - INFO - 实际输入内容: 职业规划方法
2025-10-22 14:23:49,107 - INFO - 截图成功: screenshots/2025-10-22/抖音/douyin/职业规划方法_20251022_142348.png (1196620 bytes)
2025-10-22 14:23:49,114 - WARNING - 未找到联想词元素
2025-10-22 14:23:49,114 - WARNING - 未找到联想词，使用备用数据
2025-10-22 14:23:49,114 - INFO - 为关键词 职业规划方法 生成备用数据
2025-10-22 14:23:50,116 - INFO - 开始处理关键词: 职场规划 (客户: 抖音)
2025-10-22 14:23:50,129 - INFO - 找到搜索框: input[data-e2e="searchbar-input"]
2025-10-22 14:23:51,233 - INFO - 输入关键词: 职场规划
2025-10-22 14:23:51,699 - INFO - 实际输入内容: 职场规划
2025-10-22 14:23:54,356 - INFO - 截图成功: screenshots/2025-10-22/抖音/douyin/职场规划_20251022_142353.png (2352233 bytes)
2025-10-22 14:23:54,364 - WARNING - 未找到联想词元素
2025-10-22 14:23:54,364 - WARNING - 未找到联想词，使用备用数据
2025-10-22 14:23:54,364 - INFO - 为关键词 职场规划 生成备用数据
2025-10-22 14:23:55,368 - INFO - 开始处理关键词: 职业生涯设计 (客户: 抖音)
2025-10-22 14:23:55,383 - INFO - 找到搜索框: input[data-e2e="searchbar-input"]
2025-10-22 14:23:56,486 - INFO - 输入关键词: 职业生涯设计
2025-10-22 14:23:57,163 - INFO - 实际输入内容: 职业生涯设计
2025-10-22 14:23:59,804 - INFO - 截图成功: screenshots/2025-10-22/抖音/douyin/职业生涯设计_20251022_142359.png (2395309 bytes)
2025-10-22 14:23:59,811 - WARNING - 未找到联想词元素
2025-10-22 14:23:59,811 - WARNING - 未找到联想词，使用备用数据
2025-10-22 14:23:59,811 - INFO - 为关键词 职业生涯设计 生成备用数据
2025-10-22 14:24:00,813 - INFO - 开始处理关键词: 职业咨询培训 (客户: 抖音)
2025-10-22 14:24:00,828 - INFO - 找到搜索框: input[data-e2e="searchbar-input"]
2025-10-22 14:24:01,933 - INFO - 输入关键词: 职业咨询培训
2025-10-22 14:24:02,625 - INFO - 实际输入内容: 职业咨询培训
2025-10-22 14:24:05,155 - INFO - 截图成功: screenshots/2025-10-22/抖音/douyin/职业咨询培训_20251022_142404.png (1777242 bytes)
2025-10-22 14:24:05,163 - WARNING - 未找到联想词元素
2025-10-22 14:24:05,164 - WARNING - 未找到联想词，使用备用数据
2025-10-22 14:24:05,164 - INFO - 为关键词 职业咨询培训 生成备用数据
2025-10-22 14:24:06,166 - INFO - 开始处理关键词: 生涯规划师 (客户: 抖音)
2025-10-22 14:24:06,183 - INFO - 找到搜索框: input[data-e2e="searchbar-input"]
2025-10-22 14:24:07,276 - INFO - 输入关键词: 生涯规划师
2025-10-22 14:24:07,859 - INFO - 实际输入内容: 生涯规划师
2025-10-22 14:24:10,412 - INFO - 截图成功: screenshots/2025-10-22/抖音/douyin/生涯规划师_20251022_142409.png (1626302 bytes)
2025-10-22 14:24:10,419 - WARNING - 未找到联想词元素
2025-10-22 14:24:10,419 - WARNING - 未找到联想词，使用备用数据
2025-10-22 14:24:10,419 - INFO - 为关键词 生涯规划师 生成备用数据
2025-10-22 14:24:11,421 - INFO - 开始处理关键词: 职业规划工具 (客户: 抖音)
2025-10-22 14:24:11,436 - INFO - 找到搜索框: input[data-e2e="searchbar-input"]
2025-10-22 14:24:12,533 - INFO - 输入关键词: 职业规划工具
2025-10-22 14:24:13,226 - INFO - 实际输入内容: 职业规划工具
2025-10-22 14:24:15,801 - INFO - 截图成功: screenshots/2025-10-22/抖音/douyin/职业规划工具_20251022_142415.png (1728469 bytes)
2025-10-22 14:24:15,809 - WARNING - 未找到联想词元素
2025-10-22 14:24:15,809 - WARNING - 未找到联想词，使用备用数据
2025-10-22 14:24:15,809 - INFO - 为关键词 职业规划工具 生成备用数据
2025-10-22 14:24:16,810 - INFO - 开始处理关键词: 职场发展 (客户: 抖音)
2025-10-22 14:24:16,825 - INFO - 找到搜索框: input[data-e2e="searchbar-input"]
2025-10-22 14:24:17,924 - INFO - 输入关键词: 职场发展
2025-10-22 14:24:18,393 - INFO - 实际输入内容: 职场发展
2025-10-22 14:24:20,884 - INFO - 截图成功: screenshots/2025-10-22/抖音/douyin/职场发展_20251022_142420.png (1470429 bytes)
2025-10-22 14:24:20,892 - WARNING - 未找到联想词元素
2025-10-22 14:24:20,892 - WARNING - 未找到联想词，使用备用数据
2025-10-22 14:24:20,892 - INFO - 为关键词 职场发展 生成备用数据
2025-10-22 14:24:21,893 - INFO - 开始处理关键词: 职业能力提升 (客户: 抖音)
2025-10-22 14:24:21,909 - INFO - 找到搜索框: input[data-e2e="searchbar-input"]
2025-10-22 14:24:23,004 - INFO - 输入关键词: 职业能力提升
2025-10-22 14:24:23,693 - INFO - 实际输入内容: 职业能力提升
2025-10-22 14:24:26,277 - INFO - 截图成功: screenshots/2025-10-22/抖音/douyin/职业能力提升_20251022_142425.png (1730566 bytes)
2025-10-22 14:24:26,285 - WARNING - 未找到联想词元素
2025-10-22 14:24:26,285 - WARNING - 未找到联想词，使用备用数据
2025-10-22 14:24:26,285 - INFO - 为关键词 职业能力提升 生成备用数据
2025-10-22 14:24:27,297 - INFO - 结果已保存: data/output/2025-10-22/抖音_douyin.csv (63 条)
2025-10-22 14:24:27,297 - INFO - 客户 抖音 处理完成，保存到: data/output/2025-10-22/抖音_douyin.csv
2025-10-22 14:24:27,297 - INFO - 断开浏览器连接
2025-10-24 12:18:02,068 - WARNING - OCR not available - pytesseract not installed
2025-10-24 12:18:06,320 - INFO - 浏览器初始化完成
2025-10-24 12:20:17,059 - ERROR - 导航到抖音失败: Timeout 120000ms exceeded.
2025-10-24 12:20:17,517 - INFO - 浏览器关闭完成
2025-10-24 12:20:21,497 - WARNING - OCR not available - pytesseract not installed
2025-10-24 12:20:23,945 - INFO - 浏览器初始化完成
2025-10-24 12:22:23,988 - ERROR - 导航到抖音失败: Page.goto: Timeout 120000ms exceeded.
Call log:
  - navigating to "https://www.douyin.com/", waiting until "load"

2025-10-24 12:22:24,249 - INFO - 浏览器关闭完成
2025-10-24 12:22:38,843 - INFO - 浏览器初始化完成
2025-10-24 12:24:18,270 - ERROR - 程序执行失败: EOF when reading a line
2025-10-24 12:24:18,651 - INFO - 浏览器关闭完成
2025-10-24 12:24:23,471 - INFO - 浏览器初始化完成
2025-10-24 12:26:30,693 - ERROR - 程序执行失败: EOF when reading a line
2025-10-24 12:26:30,775 - INFO - 浏览器关闭完成
2025-10-24 12:27:56,690 - INFO - 浏览器初始化完成
2025-10-24 12:27:59,968 - ERROR - 程序执行失败: EOF when reading a line
2025-10-24 12:28:00,289 - INFO - 浏览器关闭完成
2025-10-24 12:31:33,965 - INFO - 浏览器关闭完成
2025-10-24 12:36:42,655 - INFO - 浏览器连接关闭完成
2025-10-24 12:37:55,084 - INFO - 浏览器连接关闭完成
2025-10-24 12:39:30,211 - INFO - 浏览器连接关闭完成
2025-10-24 12:42:39,449 - INFO - 浏览器连接关闭完成
2025-10-24 12:45:49,496 - INFO - 浏览器连接关闭完成
2025-10-24 12:48:55,072 - INFO - 浏览器连接关闭完成
2025-10-30 00:35:21,911 - WARNING - OCR功能已禁用 - pytesseract未安装
2025-10-30 00:35:25,372 - INFO - 浏览器初始化完成
2025-10-30 00:37:30,774 - ERROR - 导航到抖音失败: Timeout 120000ms exceeded.
=========================== logs ===========================
"commit" event fired
"domcontentloaded" event fired
"load" event fired
============================================================
2025-10-30 00:37:31,056 - INFO - 浏览器关闭完成
2025-10-30 00:38:10,749 - ERROR - 连接到调试端口失败: BrowserType.connect_over_cdp: connect ECONNREFUSED 127.0.0.1:9222
Call log:
  - <ws preparing> retrieving websocket url from http://localhost:9222

2025-10-30 00:38:10,750 - INFO - 尝试启动新的浏览器实例...
2025-10-30 00:38:13,110 - INFO - 启动新浏览器实例成功
2025-10-30 00:38:13,112 - INFO - 当前页面URL: about:blank
2025-10-30 00:38:13,113 - INFO - 导航到抖音: https://www.douyin.com/
2025-10-30 00:38:16,523 - INFO - 页面DOM加载完成
2025-10-30 00:38:19,525 - INFO - 成功导航到抖音网站
2025-10-30 00:38:19,592 - INFO - 用户确认页面准备就绪，开始抓取
2025-10-30 00:38:19,595 - INFO - 从 data/input/keywords_床垫.csv 加载了 10 个关键词
2025-10-30 00:38:19,595 - INFO - 开始处理关键词...
2025-10-30 00:38:19,595 - INFO - 开始处理客户: 床垫 (10 个关键词)
2025-10-30 00:38:19,595 - INFO - 开始处理关键词: 撑腰床垫 (客户: 床垫)
2025-10-30 00:38:19,660 - INFO - 找到搜索框: input[data-e2e="searchbar-input"]
2025-10-30 00:38:44,625 - ERROR - 处理关键词 撑腰床垫 时出错: ElementHandle.click: Element is not attached to the DOM
Call log:
  - attempting click action
    2 × waiting for element to be visible, enabled and stable
      - element is visible, enabled and stable
      - scrolling into view if needed
      - done scrolling
      - <div class="oMpq4HiN GzPW6isY">…</div> from <div id="login-full-panel-fvm7fn28mls0">…</div> subtree intercepts pointer events
    - retrying click action
    - waiting 20ms
    2 × waiting for element to be visible, enabled and stable
      - element is visible, enabled and stable
      - scrolling into view if needed
      - done scrolling
      - <div class="oMpq4HiN GzPW6isY">…</div> from <div id="login-full-panel-fvm7fn28mls0">…</div> subtree intercepts pointer events
    - retrying click action
      - waiting 100ms
    17 × waiting for element to be visible, enabled and stable
       - element is visible, enabled and stable
       - scrolling into view if needed
       - done scrolling
       - <div class="oMpq4HiN GzPW6isY">…</div> from <div id="login-full-panel-fvm7fn28mls0">…</div> subtree intercepts pointer events
     - retrying click action
       - waiting 500ms
    27 × waiting for element to be visible, enabled and stable
       - element is visible, enabled and stable
       - scrolling into view if needed
       - done scrolling
       - <div class="VNTgakC3wGL3qKLhN6Tj">…</div> from <div id="uc-second-verify">…</div> subtree intercepts pointer events
     - retrying click action
       - waiting 500ms
    - waiting for element to be visible, enabled and stable
    - element is visible, enabled and stable
    - scrolling into view if needed
    - done scrolling
    - <div class="oMpq4HiN GzPW6isY">…</div> from <div id="login-full-panel-fvm7fn28mls0">…</div> subtree intercepts pointer events
  - retrying click action
    - waiting 500ms
    - waiting for" https://www.douyin.com/?recommend=1" navigation to finish...
    - navigated to "https://www.douyin.com/?recommend=1"
    - waiting for element to be visible, enabled and stable

2025-10-30 00:38:44,626 - INFO - 为关键词 撑腰床垫 生成备用数据
2025-10-30 00:38:45,628 - INFO - 开始处理关键词: 护脊床垫 (客户: 床垫)
2025-10-30 00:38:45,637 - INFO - 找到搜索框: input[data-e2e="searchbar-input"]
2025-10-30 00:38:48,802 - INFO - 输入关键词: 护脊床垫
2025-10-30 00:38:49,258 - INFO - 实际输入内容: 护脊床垫
2025-10-30 00:38:51,881 - INFO - 截图成功: screenshots/2025-10-30/床垫/douyin/护脊床垫_20251030_003851.png (82381 bytes)
2025-10-30 00:38:51,891 - WARNING - 未找到联想词元素
2025-10-30 00:38:51,891 - WARNING - 未找到联想词，使用备用数据
2025-10-30 00:38:51,891 - INFO - 为关键词 护脊床垫 生成备用数据
2025-10-30 00:38:52,893 - INFO - 开始处理关键词: 智能床垫 (客户: 床垫)
2025-10-30 00:38:52,914 - INFO - 找到搜索框: input[data-e2e="searchbar-input"]
2025-10-30 00:38:54,007 - INFO - 输入关键词: 智能床垫
2025-10-30 00:38:54,479 - INFO - 实际输入内容: 智能床垫
2025-10-30 00:38:56,541 - INFO - 截图成功: screenshots/2025-10-30/床垫/douyin/智能床垫_20251030_003856.png (85448 bytes)
2025-10-30 00:38:56,552 - WARNING - 未找到联想词元素
2025-10-30 00:38:56,552 - WARNING - 未找到联想词，使用备用数据
2025-10-30 00:38:56,552 - INFO - 为关键词 智能床垫 生成备用数据
2025-10-30 00:38:57,553 - INFO - 开始处理关键词: 分区床垫 (客户: 床垫)
2025-10-30 00:38:57,557 - INFO - 找到搜索框: input[data-e2e="searchbar-input"]
2025-10-30 00:38:58,634 - INFO - 输入关键词: 分区床垫
2025-10-30 00:38:59,103 - INFO - 实际输入内容: 分区床垫
2025-10-30 00:39:01,181 - INFO - 截图成功: screenshots/2025-10-30/床垫/douyin/分区床垫_20251030_003901.png (81842 bytes)
2025-10-30 00:39:01,196 - WARNING - 未找到联想词元素
2025-10-30 00:39:01,196 - WARNING - 未找到联想词，使用备用数据
2025-10-30 00:39:01,196 - INFO - 为关键词 分区床垫 生成备用数据
2025-10-30 00:39:02,197 - INFO - 开始处理关键词: 科技睡眠 (客户: 床垫)
2025-10-30 00:39:02,217 - INFO - 找到搜索框: input[data-e2e="searchbar-input"]
2025-10-30 00:39:03,302 - INFO - 输入关键词: 科技睡眠
2025-10-30 00:39:03,774 - INFO - 实际输入内容: 科技睡眠
2025-10-30 00:39:05,841 - INFO - 截图成功: screenshots/2025-10-30/床垫/douyin/科技睡眠_20251030_003905.png (76786 bytes)
2025-10-30 00:39:05,853 - WARNING - 未找到联想词元素
2025-10-30 00:39:05,853 - WARNING - 未找到联想词，使用备用数据
2025-10-30 00:39:05,853 - INFO - 为关键词 科技睡眠 生成备用数据
2025-10-30 00:39:06,854 - INFO - 开始处理关键词: 功能床垫 (客户: 床垫)
2025-10-30 00:39:06,863 - INFO - 找到搜索框: input[data-e2e="searchbar-input"]
2025-10-30 00:39:07,976 - INFO - 输入关键词: 功能床垫
2025-10-30 00:39:08,453 - INFO - 实际输入内容: 功能床垫
2025-10-30 00:39:10,547 - INFO - 截图成功: screenshots/2025-10-30/床垫/douyin/功能床垫_20251030_003910.png (81475 bytes)
2025-10-30 00:39:10,565 - WARNING - 未找到联想词元素
2025-10-30 00:39:10,565 - WARNING - 未找到联想词，使用备用数据
2025-10-30 00:39:10,565 - INFO - 为关键词 功能床垫 生成备用数据
2025-10-30 00:39:11,566 - INFO - 开始处理关键词: 可调节床垫 (客户: 床垫)
2025-10-30 00:39:11,578 - INFO - 找到搜索框: input[data-e2e="searchbar-input"]
2025-10-30 00:39:12,680 - INFO - 输入关键词: 可调节床垫
2025-10-30 00:39:13,272 - INFO - 实际输入内容: 可调节床垫
2025-10-30 00:39:15,363 - INFO - 截图成功: screenshots/2025-10-30/床垫/douyin/可调节床垫_20251030_003915.png (81712 bytes)
2025-10-30 00:39:15,399 - WARNING - 未找到联想词元素
2025-10-30 00:39:15,399 - WARNING - 未找到联想词，使用备用数据
2025-10-30 00:39:15,399 - INFO - 为关键词 可调节床垫 生成备用数据
2025-10-30 00:39:16,401 - INFO - 开始处理关键词: 床垫加盟 (客户: 床垫)
2025-10-30 00:39:16,418 - INFO - 找到搜索框: input[data-e2e="searchbar-input"]
2025-10-30 00:39:17,516 - INFO - 输入关键词: 床垫加盟
2025-10-30 00:39:17,990 - INFO - 实际输入内容: 床垫加盟
2025-10-30 00:39:20,081 - INFO - 截图成功: screenshots/2025-10-30/床垫/douyin/床垫加盟_20251030_003919.png (80399 bytes)
2025-10-30 00:39:20,091 - WARNING - 未找到联想词元素
2025-10-30 00:39:20,091 - WARNING - 未找到联想词，使用备用数据
2025-10-30 00:39:20,091 - INFO - 为关键词 床垫加盟 生成备用数据
2025-10-30 00:39:21,093 - INFO - 开始处理关键词: 床垫代理 (客户: 床垫)
2025-10-30 00:39:21,111 - INFO - 找到搜索框: input[data-e2e="searchbar-input"]
2025-10-30 00:39:22,229 - INFO - 输入关键词: 床垫代理
2025-10-30 00:39:22,695 - INFO - 实际输入内容: 床垫代理
2025-10-30 00:39:24,789 - INFO - 截图成功: screenshots/2025-10-30/床垫/douyin/床垫代理_20251030_003924.png (78165 bytes)
2025-10-30 00:39:24,809 - WARNING - 未找到联想词元素
2025-10-30 00:39:24,809 - WARNING - 未找到联想词，使用备用数据
2025-10-30 00:39:24,809 - INFO - 为关键词 床垫代理 生成备用数据
2025-10-30 00:39:25,811 - INFO - 开始处理关键词: 床垫招商 (客户: 床垫)
2025-10-30 00:39:25,815 - INFO - 找到搜索框: input[data-e2e="searchbar-input"]
2025-10-30 00:39:26,912 - INFO - 输入关键词: 床垫招商
2025-10-30 00:39:27,387 - INFO - 实际输入内容: 床垫招商
2025-10-30 00:39:29,483 - INFO - 截图成功: screenshots/2025-10-30/床垫/douyin/床垫招商_20251030_003929.png (77577 bytes)
2025-10-30 00:39:29,509 - WARNING - 未找到联想词元素
2025-10-30 00:39:29,510 - WARNING - 未找到联想词，使用备用数据
2025-10-30 00:39:29,510 - INFO - 为关键词 床垫招商 生成备用数据
2025-10-30 00:39:30,536 - INFO - 结果已保存: data/output/2025-10-30/床垫_douyin.csv (30 条)
2025-10-30 00:39:30,536 - INFO - 客户 床垫 处理完成，保存到: data/output/2025-10-30/床垫_douyin.csv
2025-10-30 00:39:30,536 - INFO - 断开浏览器连接
2025-10-30 00:43:33,637 - ERROR - 连接到调试端口失败: BrowserType.connect_over_cdp: connect ECONNREFUSED 127.0.0.1:9222
Call log:
  - <ws preparing> retrieving websocket url from http://localhost:9222

2025-10-30 00:43:33,637 - INFO - 尝试启动新的浏览器实例...
2025-10-30 00:43:36,056 - INFO - 启动新浏览器实例成功
2025-10-30 00:43:36,056 - INFO - 当前页面URL: about:blank
2025-10-30 00:43:36,056 - INFO - 导航到抖音: https://www.douyin.com/
2025-10-30 00:43:38,489 - INFO - 页面DOM加载完成
2025-10-30 00:43:41,490 - INFO - 成功导航到抖音网站
2025-10-30 00:43:41,557 - INFO - 用户确认页面准备就绪，开始抓取
2025-10-30 00:43:41,558 - INFO - 从 data/input/keywords_撑腰床垫_补充.csv 加载了 1 个关键词
2025-10-30 00:43:41,558 - INFO - 开始处理关键词...
2025-10-30 00:43:41,558 - INFO - 开始处理客户: 床垫 (1 个关键词)
2025-10-30 00:43:41,558 - INFO - 开始处理关键词: 撑腰床垫 (客户: 床垫)
2025-10-30 00:43:41,589 - INFO - 找到搜索框: input[data-e2e="searchbar-input"]
2025-10-30 00:44:11,605 - ERROR - 处理关键词 撑腰床垫 时出错: ElementHandle.click: Timeout 30000ms exceeded.
Call log:
  - attempting click action
    2 × waiting for element to be visible, enabled and stable
      - element is visible, enabled and stable
      - scrolling into view if needed
      - done scrolling
      - <div class="oMpq4HiN GzPW6isY">…</div> from <div id="login-full-panel-13pu1m3960sg0">…</div> subtree intercepts pointer events
    - retrying click action
    - waiting 20ms
    2 × waiting for element to be visible, enabled and stable
      - element is visible, enabled and stable
      - scrolling into view if needed
      - done scrolling
      - <div class="oMpq4HiN GzPW6isY">…</div> from <div id="login-full-panel-13pu1m3960sg0">…</div> subtree intercepts pointer events
    - retrying click action
      - waiting 100ms
    56 × waiting for element to be visible, enabled and stable
       - element is visible, enabled and stable
       - scrolling into view if needed
       - done scrolling
       - <div class="oMpq4HiN GzPW6isY">…</div> from <div id="login-full-panel-13pu1m3960sg0">…</div> subtree intercepts pointer events
     - retrying click action
       - waiting 500ms

2025-10-30 00:44:11,607 - INFO - 为关键词 撑腰床垫 生成备用数据
2025-10-30 00:44:12,643 - INFO - 结果已保存: data/output/2025-10-30/床垫_douyin.csv (3 条)
2025-10-30 00:44:12,643 - INFO - 客户 床垫 处理完成，保存到: data/output/2025-10-30/床垫_douyin.csv
2025-10-30 00:44:12,643 - INFO - 断开浏览器连接
2025-10-30 07:13:05,432 - ERROR - 连接到调试端口失败: BrowserType.connect_over_cdp: connect ECONNREFUSED 127.0.0.1:9222
Call log:
  - <ws preparing> retrieving websocket url from http://localhost:9222

2025-10-30 07:13:05,432 - INFO - 尝试启动新的浏览器实例...
2025-10-30 07:13:08,806 - INFO - 启动新浏览器实例成功
2025-10-30 07:13:08,806 - INFO - 当前页面URL: about:blank
2025-10-30 07:13:08,807 - INFO - 导航到抖音: https://www.douyin.com/
2025-10-30 07:13:14,300 - INFO - 页面DOM加载完成
2025-10-30 07:13:17,302 - INFO - 成功导航到抖音网站
2025-10-30 07:13:17,369 - INFO - 用户确认页面准备就绪，开始抓取
2025-10-30 07:13:17,370 - INFO - 从 data/input/keywords_床垫_补充缺失.csv 加载了 5 个关键词
2025-10-30 07:13:17,371 - INFO - 开始处理关键词...
2025-10-30 07:13:17,371 - INFO - 开始处理客户: 床垫 (5 个关键词)
2025-10-30 07:13:17,371 - INFO - 开始处理关键词: 科技睡眠床垫 (客户: 床垫)
2025-10-30 07:13:17,388 - INFO - 找到搜索框: input[data-e2e="searchbar-input"]
2025-10-30 07:13:47,395 - ERROR - 处理关键词 科技睡眠床垫 时出错: ElementHandle.click: Timeout 30000ms exceeded.
Call log:
  - attempting click action
    2 × waiting for element to be visible, enabled and stable
      - element is visible, enabled and stable
      - scrolling into view if needed
      - done scrolling
      - <div class="oMpq4HiN GzPW6isY">…</div> from <div id="login-full-panel-gfelda893dc0">…</div> subtree intercepts pointer events
    - retrying click action
    - waiting 20ms
    2 × waiting for element to be visible, enabled and stable
      - element is visible, enabled and stable
      - scrolling into view if needed
      - done scrolling
      - <div class="oMpq4HiN GzPW6isY">…</div> from <div id="login-full-panel-gfelda893dc0">…</div> subtree intercepts pointer events
    - retrying click action
      - waiting 100ms
    36 × waiting for element to be visible, enabled and stable
       - element is visible, enabled and stable
       - scrolling into view if needed
       - done scrolling
       - <div class="oMpq4HiN GzPW6isY">…</div> from <div id="login-full-panel-gfelda893dc0">…</div> subtree intercepts pointer events
     - retrying click action
       - waiting 500ms
    20 × waiting for element to be visible, enabled and stable
       - element is visible, enabled and stable
       - scrolling into view if needed
       - done scrolling
       - <div class="VNTgakC3wGL3qKLhN6Tj">…</div> from <div id="uc-second-verify">…</div> subtree intercepts pointer events
     - retrying click action
       - waiting 500ms

2025-10-30 07:13:47,395 - INFO - 为关键词 科技睡眠床垫 生成备用数据
2025-10-30 07:13:48,397 - INFO - 开始处理关键词: 自适应床垫 (客户: 床垫)
2025-10-30 07:13:48,416 - INFO - 找到搜索框: input[data-e2e="searchbar-input"]
2025-10-30 07:13:54,045 - ERROR - 处理关键词 自适应床垫 时出错: ElementHandle.click: Element is not attached to the DOM
Call log:
  - attempting click action
    2 × waiting for element to be visible, enabled and stable
      - element is visible, enabled and stable
      - scrolling into view if needed
      - done scrolling
      - <div class="VNTgakC3wGL3qKLhN6Tj">…</div> from <div id="uc-second-verify">…</div> subtree intercepts pointer events
    - retrying click action
    - waiting 20ms
    2 × waiting for element to be visible, enabled and stable
      - element is visible, enabled and stable
      - scrolling into view if needed
      - done scrolling
      - <div class="VNTgakC3wGL3qKLhN6Tj">…</div> from <div id="uc-second-verify">…</div> subtree intercepts pointer events
    - retrying click action
      - waiting 100ms
    8 × waiting for element to be visible, enabled and stable
      - element is visible, enabled and stable
      - scrolling into view if needed
      - done scrolling
      - <div class="VNTgakC3wGL3qKLhN6Tj">…</div> from <div id="uc-second-verify">…</div> subtree intercepts pointer events
    - retrying click action
      - waiting 500ms
    2 × waiting for element to be visible, enabled and stable
      - element is visible, enabled and stable
      - scrolling into view if needed
      - done scrolling
      - <div class="oMpq4HiN GzPW6isY">…</div> from <div id="login-full-panel-gfelda893dc0">…</div> subtree intercepts pointer events
    - retrying click action
      - waiting 500ms

2025-10-30 07:13:54,047 - INFO - 为关键词 自适应床垫 生成备用数据
2025-10-30 07:13:55,049 - INFO - 开始处理关键词: AI床垫 (客户: 床垫)
2025-10-30 07:13:55,063 - INFO - 找到搜索框: input[data-e2e="searchbar-input"]
2025-10-30 07:14:01,527 - INFO - 输入关键词: AI床垫
2025-10-30 07:14:01,962 - INFO - 实际输入内容: AI床垫
2025-10-30 07:14:04,047 - INFO - 截图成功: screenshots/2025-10-30/床垫/douyin/AI床垫_20251030_071403.png (73763 bytes)
2025-10-30 07:14:04,060 - WARNING - 未找到联想词元素
2025-10-30 07:14:04,060 - WARNING - 未找到联想词，使用备用数据
2025-10-30 07:14:04,060 - INFO - 为关键词 AI床垫 生成备用数据
2025-10-30 07:14:05,062 - INFO - 开始处理关键词: 床垫代理招商 (客户: 床垫)
2025-10-30 07:14:05,065 - INFO - 找到搜索框: input[data-e2e="searchbar-input"]
2025-10-30 07:14:06,125 - INFO - 输入关键词: 床垫代理招商
2025-10-30 07:14:06,779 - INFO - 实际输入内容: 床垫代理招商
2025-10-30 07:14:08,866 - INFO - 截图成功: screenshots/2025-10-30/床垫/douyin/床垫代理招商_20251030_071408.png (84181 bytes)
2025-10-30 07:14:08,879 - WARNING - 未找到联想词元素
2025-10-30 07:14:08,879 - WARNING - 未找到联想词，使用备用数据
2025-10-30 07:14:08,879 - INFO - 为关键词 床垫代理招商 生成备用数据
2025-10-30 07:14:09,881 - INFO - 开始处理关键词: 独立弹簧床垫 (客户: 床垫)
2025-10-30 07:14:09,884 - INFO - 找到搜索框: input[data-e2e="searchbar-input"]
2025-10-30 07:14:10,946 - INFO - 输入关键词: 独立弹簧床垫
2025-10-30 07:14:11,610 - INFO - 实际输入内容: 独立弹簧床垫
2025-10-30 07:14:13,671 - INFO - 截图成功: screenshots/2025-10-30/床垫/douyin/独立弹簧床垫_20251030_071413.png (90466 bytes)
2025-10-30 07:14:13,691 - WARNING - 未找到联想词元素
2025-10-30 07:14:13,691 - WARNING - 未找到联想词，使用备用数据
2025-10-30 07:14:13,691 - INFO - 为关键词 独立弹簧床垫 生成备用数据
2025-10-30 07:14:14,702 - INFO - 结果已保存: data/output/2025-10-30/床垫_douyin.csv (15 条)
2025-10-30 07:14:14,703 - INFO - 客户 床垫 处理完成，保存到: data/output/2025-10-30/床垫_douyin.csv
2025-10-30 07:14:14,704 - INFO - 断开浏览器连接
2025-10-30 07:21:17,701 - ERROR - 连接到调试端口失败: BrowserType.connect_over_cdp: connect ECONNREFUSED 127.0.0.1:9222
Call log:
  - <ws preparing> retrieving websocket url from http://localhost:9222

2025-10-30 07:21:17,701 - INFO - 尝试启动新的浏览器实例...
2025-10-30 07:21:21,020 - INFO - 启动新浏览器实例成功
2025-10-30 07:21:21,020 - INFO - 当前页面URL: about:blank
2025-10-30 07:21:21,020 - INFO - 导航到抖音: https://www.douyin.com/
2025-10-30 07:21:24,941 - INFO - 页面DOM加载完成
2025-10-30 07:21:27,943 - INFO - 成功导航到抖音网站
2025-10-30 07:21:28,017 - INFO - 用户确认页面准备就绪，开始抓取
2025-10-30 07:21:28,018 - INFO - 从 data/input/keywords_补充截图.csv 加载了 3 个关键词
2025-10-30 07:21:28,018 - INFO - 开始处理关键词...
2025-10-30 07:21:28,019 - INFO - 开始处理客户: 床垫 (3 个关键词)
2025-10-30 07:21:28,019 - INFO - 开始处理关键词: 撑腰床垫 (客户: 床垫)
2025-10-30 07:21:28,062 - INFO - 找到搜索框: input[data-e2e="searchbar-input"]
2025-10-30 07:21:58,074 - ERROR - 处理关键词 撑腰床垫 时出错: ElementHandle.click: Timeout 30000ms exceeded.
Call log:
  - attempting click action
    2 × waiting for element to be visible, enabled and stable
      - element is visible, enabled and stable
      - scrolling into view if needed
      - done scrolling
      - <div class="oMpq4HiN GzPW6isY">…</div> from <div id="login-full-panel-bgvjw7uekbc0">…</div> subtree intercepts pointer events
    - retrying click action
    - waiting 20ms
    2 × waiting for element to be visible, enabled and stable
      - element is visible, enabled and stable
      - scrolling into view if needed
      - done scrolling
      - <div class="oMpq4HiN GzPW6isY">…</div> from <div id="login-full-panel-bgvjw7uekbc0">…</div> subtree intercepts pointer events
    - retrying click action
      - waiting 100ms
    36 × waiting for element to be visible, enabled and stable
       - element is visible, enabled and stable
       - scrolling into view if needed
       - done scrolling
       - <div class="oMpq4HiN GzPW6isY">…</div> from <div id="login-full-panel-bgvjw7uekbc0">…</div> subtree intercepts pointer events
     - retrying click action
       - waiting 500ms
    20 × waiting for element to be visible, enabled and stable
       - element is visible, enabled and stable
       - scrolling into view if needed
       - done scrolling
       - <div class="VNTgakC3wGL3qKLhN6Tj">…</div> from <div id="uc-second-verify">…</div> subtree intercepts pointer events
     - retrying click action
       - waiting 500ms

2025-10-30 07:21:58,074 - INFO - 为关键词 撑腰床垫 生成备用数据
2025-10-30 07:21:59,076 - INFO - 开始处理关键词: 科技睡眠床垫 (客户: 床垫)
2025-10-30 07:21:59,084 - INFO - 找到搜索框: input[data-e2e="searchbar-input"]
2025-10-30 07:22:19,249 - ERROR - 处理关键词 科技睡眠床垫 时出错: ElementHandle.click: Element is not attached to the DOM
Call log:
  - attempting click action
    2 × waiting for element to be visible, enabled and stable
      - element is visible, enabled and stable
      - scrolling into view if needed
      - done scrolling
      - <div class="VNTgakC3wGL3qKLhN6Tj">…</div> from <div id="uc-second-verify">…</div> subtree intercepts pointer events
    - retrying click action
    - waiting 20ms
    2 × waiting for element to be visible, enabled and stable
      - element is visible, enabled and stable
      - scrolling into view if needed
      - done scrolling
      - <div class="VNTgakC3wGL3qKLhN6Tj">…</div> from <div id="uc-second-verify">…</div> subtree intercepts pointer events
    - retrying click action
      - waiting 100ms
    35 × waiting for element to be visible, enabled and stable
       - element is visible, enabled and stable
       - scrolling into view if needed
       - done scrolling
       - <div class="VNTgakC3wGL3qKLhN6Tj">…</div> from <div id="uc-second-verify">…</div> subtree intercepts pointer events
     - retrying click action
       - waiting 500ms
    2 × waiting for element to be visible, enabled and stable
      - element is visible, enabled and stable
      - scrolling into view if needed
      - done scrolling
      - <div class="oMpq4HiN GzPW6isY">…</div> from <div id="login-full-panel-bgvjw7uekbc0">…</div> subtree intercepts pointer events
    - retrying click action
      - waiting 500ms

2025-10-30 07:22:19,250 - INFO - 为关键词 科技睡眠床垫 生成备用数据
2025-10-30 07:22:20,252 - INFO - 开始处理关键词: 自适应床垫 (客户: 床垫)
2025-10-30 07:22:20,269 - INFO - 找到搜索框: input[data-e2e="searchbar-input"]
2025-10-30 07:22:21,446 - INFO - 输入关键词: 自适应床垫
2025-10-30 07:22:21,991 - INFO - 实际输入内容: 自适应床垫
2025-10-30 07:22:24,283 - INFO - 截图成功: screenshots/2025-10-30/床垫/douyin/自适应床垫_20251030_072224.png (81701 bytes)
2025-10-30 07:22:24,298 - WARNING - 未找到联想词元素
2025-10-30 07:22:24,299 - WARNING - 未找到联想词，使用备用数据
2025-10-30 07:22:24,299 - INFO - 为关键词 自适应床垫 生成备用数据
2025-10-30 07:22:25,312 - INFO - 结果已保存: data/output/2025-10-30/床垫_douyin.csv (9 条)
2025-10-30 07:22:25,312 - INFO - 客户 床垫 处理完成，保存到: data/output/2025-10-30/床垫_douyin.csv
2025-10-30 07:22:25,312 - INFO - 断开浏览器连接
2025-10-30 07:22:56,843 - ERROR - 连接到调试端口失败: BrowserType.connect_over_cdp: connect ECONNREFUSED 127.0.0.1:9222
Call log:
  - <ws preparing> retrieving websocket url from http://localhost:9222

2025-10-30 07:22:56,844 - INFO - 尝试启动新的浏览器实例...
2025-10-30 07:22:58,905 - INFO - 启动新浏览器实例成功
2025-10-30 07:22:58,905 - INFO - 当前页面URL: about:blank
2025-10-30 07:22:58,905 - INFO - 导航到抖音: https://www.douyin.com/
2025-10-30 07:23:02,346 - INFO - 页面DOM加载完成
2025-10-30 07:23:05,347 - INFO - 成功导航到抖音网站
2025-10-30 07:23:05,415 - INFO - 用户确认页面准备就绪，开始抓取
2025-10-30 07:23:05,416 - INFO - 从 data/input/keywords_最后两个.csv 加载了 2 个关键词
2025-10-30 07:23:05,416 - INFO - 开始处理关键词...
2025-10-30 07:23:05,416 - INFO - 开始处理客户: 床垫 (2 个关键词)
2025-10-30 07:23:05,416 - INFO - 开始处理关键词: 撑腰床垫 (客户: 床垫)
2025-10-30 07:23:05,438 - INFO - 找到搜索框: input[data-e2e="searchbar-input"]
2025-10-30 07:23:25,639 - ERROR - 处理关键词 撑腰床垫 时出错: ElementHandle.click: Element is not attached to the DOM
Call log:
  - attempting click action
    2 × waiting for element to be visible, enabled and stable
      - element is visible, enabled and stable
      - scrolling into view if needed
      - done scrolling
      - <div class="oMpq4HiN GzPW6isY">…</div> from <div id="login-full-panel-1i79inaokclc0">…</div> subtree intercepts pointer events
    - retrying click action
    - waiting 20ms
    2 × waiting for element to be visible, enabled and stable
      - element is visible, enabled and stable
      - scrolling into view if needed
      - done scrolling
      - <div class="oMpq4HiN GzPW6isY">…</div> from <div id="login-full-panel-1i79inaokclc0">…</div> subtree intercepts pointer events
    - retrying click action
      - waiting 100ms
    8 × waiting for element to be visible, enabled and stable
      - element is visible, enabled and stable
      - scrolling into view if needed
      - done scrolling
      - <div class="oMpq4HiN GzPW6isY">…</div> from <div id="login-full-panel-1i79inaokclc0">…</div> subtree intercepts pointer events
    - retrying click action
      - waiting 500ms
    27 × waiting for element to be visible, enabled and stable
       - element is visible, enabled and stable
       - scrolling into view if needed
       - done scrolling
       - <div class="VNTgakC3wGL3qKLhN6Tj">…</div> from <div id="uc-second-verify">…</div> subtree intercepts pointer events
     - retrying click action
       - waiting 500ms
    - waiting for element to be visible, enabled and stable
    - element is visible, enabled and stable
    - scrolling into view if needed
    - done scrolling
    - <div class="oMpq4HiN GzPW6isY">…</div> from <div id="login-full-panel-1i79inaokclc0">…</div> subtree intercepts pointer events
  - retrying click action
    - waiting 500ms
    - waiting for" https://www.douyin.com/?recommend=1" navigation to finish...
    - navigated to "https://www.douyin.com/?recommend=1"
    - waiting for element to be visible, enabled and stable

2025-10-30 07:23:25,641 - INFO - 为关键词 撑腰床垫 生成备用数据
2025-10-30 07:23:26,642 - INFO - 开始处理关键词: 科技睡眠床垫 (客户: 床垫)
2025-10-30 07:23:26,650 - INFO - 找到搜索框: input[data-e2e="searchbar-input"]
2025-10-30 07:23:30,342 - INFO - 输入关键词: 科技睡眠床垫
2025-10-30 07:23:30,993 - INFO - 实际输入内容: 科技睡眠床垫
2025-10-30 07:23:33,079 - INFO - 截图成功: screenshots/2025-10-30/床垫/douyin/科技睡眠床垫_20251030_072332.png (83081 bytes)
2025-10-30 07:23:33,087 - WARNING - 未找到联想词元素
2025-10-30 07:23:33,087 - WARNING - 未找到联想词，使用备用数据
2025-10-30 07:23:33,087 - INFO - 为关键词 科技睡眠床垫 生成备用数据
2025-10-30 07:23:34,097 - INFO - 结果已保存: data/output/2025-10-30/床垫_douyin.csv (6 条)
2025-10-30 07:23:34,097 - INFO - 客户 床垫 处理完成，保存到: data/output/2025-10-30/床垫_douyin.csv
2025-10-30 07:23:34,097 - INFO - 断开浏览器连接
2025-10-30 07:24:59,672 - ERROR - 连接到调试端口失败: BrowserType.connect_over_cdp: connect ECONNREFUSED 127.0.0.1:9222
Call log:
  - <ws preparing> retrieving websocket url from http://localhost:9222

2025-10-30 07:24:59,673 - INFO - 尝试启动新的浏览器实例...
2025-10-30 07:25:01,759 - INFO - 启动新浏览器实例成功
2025-10-30 07:25:01,759 - INFO - 当前页面URL: about:blank
2025-10-30 07:25:01,759 - INFO - 导航到抖音: https://www.douyin.com/
2025-10-30 07:25:05,051 - INFO - 页面DOM加载完成
2025-10-30 07:25:08,053 - INFO - 成功导航到抖音网站
2025-10-30 07:25:08,114 - INFO - 用户确认页面准备就绪，开始抓取
2025-10-30 07:25:08,115 - INFO - 从 data/input/keywords_撑腰床垫_单独.csv 加载了 1 个关键词
2025-10-30 07:25:08,116 - INFO - 开始处理关键词...
2025-10-30 07:25:08,116 - INFO - 开始处理客户: 床垫 (1 个关键词)
2025-10-30 07:25:08,116 - INFO - 开始处理关键词: 撑腰床垫 (客户: 床垫)
2025-10-30 07:25:08,148 - INFO - 找到搜索框: input[data-e2e="searchbar-input"]
2025-10-30 07:25:38,166 - ERROR - 处理关键词 撑腰床垫 时出错: ElementHandle.click: Timeout 30000ms exceeded.
Call log:
  - attempting click action
    2 × waiting for element to be visible, enabled and stable
      - element is visible, enabled and stable
      - scrolling into view if needed
      - done scrolling
      - <div class="oMpq4HiN GzPW6isY">…</div> from <div id="login-full-panel-v354hnee0tc0">…</div> subtree intercepts pointer events
    - retrying click action
    - waiting 20ms
    2 × waiting for element to be visible, enabled and stable
      - element is visible, enabled and stable
      - scrolling into view if needed
      - done scrolling
      - <div class="oMpq4HiN GzPW6isY">…</div> from <div id="login-full-panel-v354hnee0tc0">…</div> subtree intercepts pointer events
    - retrying click action
      - waiting 100ms
    37 × waiting for element to be visible, enabled and stable
       - element is visible, enabled and stable
       - scrolling into view if needed
       - done scrolling
       - <div class="oMpq4HiN GzPW6isY">…</div> from <div id="login-full-panel-v354hnee0tc0">…</div> subtree intercepts pointer events
     - retrying click action
       - waiting 500ms
    19 × waiting for element to be visible, enabled and stable
       - element is visible, enabled and stable
       - scrolling into view if needed
       - done scrolling
       - <div class="VNTgakC3wGL3qKLhN6Tj">…</div> from <div id="uc-second-verify">…</div> subtree intercepts pointer events
     - retrying click action
       - waiting 500ms

2025-10-30 07:25:38,167 - INFO - 为关键词 撑腰床垫 生成备用数据
2025-10-30 07:25:39,189 - INFO - 结果已保存: data/output/2025-10-30/床垫_douyin.csv (3 条)
2025-10-30 07:25:39,189 - INFO - 客户 床垫 处理完成，保存到: data/output/2025-10-30/床垫_douyin.csv
2025-10-30 07:25:39,190 - INFO - 断开浏览器连接
2025-10-30 07:27:14,019 - ERROR - 连接到调试端口失败: BrowserType.connect_over_cdp: connect ECONNREFUSED 127.0.0.1:9222
Call log:
  - <ws preparing> retrieving websocket url from http://localhost:9222

2025-10-30 07:27:14,019 - INFO - 尝试启动新的浏览器实例...
2025-10-30 07:27:16,252 - INFO - 启动新浏览器实例成功
2025-10-30 07:27:16,253 - INFO - 当前页面URL: about:blank
2025-10-30 07:27:16,253 - INFO - 导航到抖音: https://www.douyin.com/
2025-10-30 07:27:18,341 - INFO - 页面DOM加载完成
2025-10-30 07:27:21,343 - INFO - 成功导航到抖音网站
2025-10-30 07:27:21,415 - INFO - 用户确认页面准备就绪，开始抓取
2025-10-30 07:27:21,418 - INFO - 从 data/input/keywords_撑腰床垫_单独.csv 加载了 1 个关键词
2025-10-30 07:27:21,418 - INFO - 开始处理关键词...
2025-10-30 07:27:21,418 - INFO - 开始处理客户: 床垫 (1 个关键词)
2025-10-30 07:27:21,418 - INFO - 开始处理关键词: 撑腰床垫 (客户: 床垫)
2025-10-30 07:27:21,478 - INFO - 找到搜索框: input[data-e2e="searchbar-input"]
2025-10-30 07:27:51,534 - ERROR - 处理关键词 撑腰床垫 时出错: ElementHandle.click: Timeout 30000ms exceeded.
Call log:
  - attempting click action
    2 × waiting for element to be visible, enabled and stable
      - element is visible, enabled and stable
      - scrolling into view if needed
      - done scrolling
      - <div class="oMpq4HiN GzPW6isY">…</div> from <div id="login-full-panel-p2jyghi5tao0">…</div> subtree intercepts pointer events
    - retrying click action
    - waiting 20ms
    2 × waiting for element to be visible, enabled and stable
      - element is visible, enabled and stable
      - scrolling into view if needed
      - done scrolling
      - <div class="oMpq4HiN GzPW6isY">…</div> from <div id="login-full-panel-p2jyghi5tao0">…</div> subtree intercepts pointer events
    - retrying click action
      - waiting 100ms
    20 × waiting for element to be visible, enabled and stable
       - element is visible, enabled and stable
       - scrolling into view if needed
       - done scrolling
       - <div class="oMpq4HiN GzPW6isY">…</div> from <div id="login-full-panel-p2jyghi5tao0">…</div> subtree intercepts pointer events
     - retrying click action
       - waiting 500ms
    36 × waiting for element to be visible, enabled and stable
       - element is visible, enabled and stable
       - scrolling into view if needed
       - done scrolling
       - <div class="VNTgakC3wGL3qKLhN6Tj">…</div> from <div id="uc-second-verify">…</div> subtree intercepts pointer events
     - retrying click action
       - waiting 500ms

2025-10-30 07:27:51,538 - INFO - 为关键词 撑腰床垫 生成备用数据
2025-10-30 07:27:52,573 - INFO - 结果已保存: data/output/2025-10-30/床垫_douyin.csv (3 条)
2025-10-30 07:27:52,573 - INFO - 客户 床垫 处理完成，保存到: data/output/2025-10-30/床垫_douyin.csv
2025-10-30 07:27:52,573 - INFO - 断开浏览器连接
